Connecting to database specified by database.yml


Started GET "/assets/rails.png" for 127.0.0.1 at 2013-11-20 13:50:33 +0800
Served asset /rails.png - 200 OK (23ms)


Started GET "/say" for 127.0.0.1 at 2013-11-20 14:05:11 +0800

ActionController::RoutingError (No route matches [GET] "/say"):
  actionpack (3.2.13) lib/action_dispatch/middleware/debug_exceptions.rb:21:in `call'
  actionpack (3.2.13) lib/action_dispatch/middleware/show_exceptions.rb:56:in `call'
  railties (3.2.13) lib/rails/rack/logger.rb:32:in `call_app'
  railties (3.2.13) lib/rails/rack/logger.rb:16:in `block in call'
  activesupport (3.2.13) lib/active_support/tagged_logging.rb:22:in `tagged'
  railties (3.2.13) lib/rails/rack/logger.rb:16:in `call'
  actionpack (3.2.13) lib/action_dispatch/middleware/request_id.rb:22:in `call'
  rack (1.4.5) lib/rack/methodoverride.rb:21:in `call'
  rack (1.4.5) lib/rack/runtime.rb:17:in `call'
  activesupport (3.2.13) lib/active_support/cache/strategy/local_cache.rb:72:in `call'
  rack (1.4.5) lib/rack/lock.rb:15:in `call'
  actionpack (3.2.13) lib/action_dispatch/middleware/static.rb:63:in `call'
  railties (3.2.13) lib/rails/engine.rb:479:in `call'
  railties (3.2.13) lib/rails/application.rb:223:in `call'
  rack (1.4.5) lib/rack/content_length.rb:14:in `call'
  railties (3.2.13) lib/rails/rack/log_tailer.rb:17:in `call'
  rack (1.4.5) lib/rack/handler/webrick.rb:59:in `service'
  /Users/ziqew/.rvm/rubies/ruby-1.9.3-p448/lib/ruby/1.9.1/webrick/httpserver.rb:138:in `service'
  /Users/ziqew/.rvm/rubies/ruby-1.9.3-p448/lib/ruby/1.9.1/webrick/httpserver.rb:94:in `run'
  /Users/ziqew/.rvm/rubies/ruby-1.9.3-p448/lib/ruby/1.9.1/webrick/server.rb:191:in `block in start_thread'


  Rendered /Users/ziqew/.rvm/gems/ruby-1.9.3-p448/gems/actionpack-3.2.13/lib/action_dispatch/middleware/templates/rescues/routing_error.erb within rescues/layout (2.5ms)


Started GET "/say/hello" for 127.0.0.1 at 2013-11-20 14:05:32 +0800
Processing by SayController#hello as HTML
  Rendered say/hello.html.erb within layouts/application (0.4ms)
Compiled say.css  (27ms)  (pid 1842)
Compiled application.css  (35ms)  (pid 1842)
Compiled jquery.js  (5ms)  (pid 1842)
Compiled jquery_ujs.js  (0ms)  (pid 1842)
Compiled say.js  (526ms)  (pid 1842)
Compiled application.js  (588ms)  (pid 1842)
Completed 200 OK in 690ms (Views: 689.9ms | ActiveRecord: 0.0ms)


Started GET "/assets/application.css?body=1" for 127.0.0.1 at 2013-11-20 14:05:33 +0800
Served asset /application.css - 200 OK (4ms)


Started GET "/assets/jquery.js?body=1" for 127.0.0.1 at 2013-11-20 14:05:33 +0800
Served asset /jquery.js - 200 OK (5ms)


Started GET "/assets/jquery_ujs.js?body=1" for 127.0.0.1 at 2013-11-20 14:05:33 +0800
Served asset /jquery_ujs.js - 200 OK (2ms)


Started GET "/assets/application.js?body=1" for 127.0.0.1 at 2013-11-20 14:05:33 +0800
Served asset /application.js - 200 OK (4ms)


Started GET "/assets/say.css?body=1" for 127.0.0.1 at 2013-11-20 14:05:33 +0800
Served asset /say.css - 200 OK (1ms)


Started GET "/assets/say.js?body=1" for 127.0.0.1 at 2013-11-20 14:05:33 +0800
Served asset /say.js - 200 OK (1ms)


Started GET "/say/goodbye" for 127.0.0.1 at 2013-11-20 14:05:40 +0800
Processing by SayController#goodbye as HTML
  Rendered say/goodbye.html.erb within layouts/application (0.4ms)
Completed 200 OK in 42ms (Views: 41.4ms | ActiveRecord: 0.0ms)


Started GET "/assets/application.css?body=1" for 127.0.0.1 at 2013-11-20 14:05:40 +0800
Served asset /application.css - 304 Not Modified (0ms)


Started GET "/assets/say.css?body=1" for 127.0.0.1 at 2013-11-20 14:05:40 +0800
Served asset /say.css - 304 Not Modified (0ms)


Started GET "/assets/jquery.js?body=1" for 127.0.0.1 at 2013-11-20 14:05:40 +0800
Served asset /jquery.js - 304 Not Modified (0ms)


Started GET "/assets/jquery_ujs.js?body=1" for 127.0.0.1 at 2013-11-20 14:05:40 +0800
Served asset /jquery_ujs.js - 304 Not Modified (0ms)


Started GET "/assets/say.js?body=1" for 127.0.0.1 at 2013-11-20 14:05:40 +0800
Served asset /say.js - 304 Not Modified (0ms)


Started GET "/assets/application.js?body=1" for 127.0.0.1 at 2013-11-20 14:05:40 +0800
Served asset /application.js - 304 Not Modified (0ms)


Started GET "/say/hello" for 127.0.0.1 at 2013-11-20 14:05:43 +0800
Processing by SayController#hello as HTML
  Rendered say/hello.html.erb within layouts/application (0.0ms)
Completed 200 OK in 10ms (Views: 9.7ms | ActiveRecord: 0.0ms)


Started GET "/assets/say.css?body=1" for 127.0.0.1 at 2013-11-20 14:05:43 +0800
Served asset /say.css - 304 Not Modified (0ms)


Started GET "/assets/application.css?body=1" for 127.0.0.1 at 2013-11-20 14:05:43 +0800
Served asset /application.css - 304 Not Modified (0ms)


Started GET "/assets/jquery_ujs.js?body=1" for 127.0.0.1 at 2013-11-20 14:05:43 +0800
Served asset /jquery_ujs.js - 304 Not Modified (0ms)


Started GET "/assets/say.js?body=1" for 127.0.0.1 at 2013-11-20 14:05:43 +0800
Served asset /say.js - 304 Not Modified (0ms)


Started GET "/assets/jquery.js?body=1" for 127.0.0.1 at 2013-11-20 14:05:43 +0800
Served asset /jquery.js - 304 Not Modified (0ms)


Started GET "/assets/application.js?body=1" for 127.0.0.1 at 2013-11-20 14:05:43 +0800
Served asset /application.js - 304 Not Modified (0ms)


Started GET "/say/goodbye" for 127.0.0.1 at 2013-11-20 14:05:45 +0800
Processing by SayController#goodbye as HTML
  Rendered say/goodbye.html.erb within layouts/application (0.0ms)
Completed 200 OK in 24ms (Views: 23.5ms | ActiveRecord: 0.0ms)


Started GET "/assets/say.css?body=1" for 127.0.0.1 at 2013-11-20 14:05:45 +0800
Served asset /say.css - 304 Not Modified (0ms)


Started GET "/assets/application.css?body=1" for 127.0.0.1 at 2013-11-20 14:05:45 +0800
Served asset /application.css - 304 Not Modified (0ms)


Started GET "/assets/jquery_ujs.js?body=1" for 127.0.0.1 at 2013-11-20 14:05:45 +0800
Served asset /jquery_ujs.js - 304 Not Modified (0ms)


Started GET "/assets/application.js?body=1" for 127.0.0.1 at 2013-11-20 14:05:45 +0800
Served asset /application.js - 304 Not Modified (0ms)


Started GET "/assets/jquery.js?body=1" for 127.0.0.1 at 2013-11-20 14:05:45 +0800
Served asset /jquery.js - 304 Not Modified (0ms)


Started GET "/assets/say.js?body=1" for 127.0.0.1 at 2013-11-20 14:05:45 +0800
Served asset /say.js - 304 Not Modified (0ms)


Started GET "/say/hello" for 127.0.0.1 at 2013-11-20 14:06:04 +0800
Processing by SayController#hello as HTML
  Rendered say/hello.html.erb within layouts/application (0.0ms)
Completed 200 OK in 8ms (Views: 8.4ms | ActiveRecord: 0.0ms)


Started GET "/assets/application.css?body=1" for 127.0.0.1 at 2013-11-20 14:06:04 +0800
Served asset /application.css - 304 Not Modified (0ms)


Started GET "/assets/application.js?body=1" for 127.0.0.1 at 2013-11-20 14:06:04 +0800
Served asset /application.js - 304 Not Modified (0ms)


Started GET "/assets/jquery_ujs.js?body=1" for 127.0.0.1 at 2013-11-20 14:06:04 +0800
Served asset /jquery_ujs.js - 304 Not Modified (0ms)


Started GET "/assets/say.js?body=1" for 127.0.0.1 at 2013-11-20 14:06:04 +0800
Served asset /say.js - 304 Not Modified (0ms)


Started GET "/assets/say.css?body=1" for 127.0.0.1 at 2013-11-20 14:06:04 +0800
Served asset /say.css - 304 Not Modified (0ms)


Started GET "/assets/jquery.js?body=1" for 127.0.0.1 at 2013-11-20 14:06:04 +0800
Served asset /jquery.js - 304 Not Modified (0ms)


Started GET "/say/hello" for 127.0.0.1 at 2013-11-20 14:08:46 +0800
Processing by SayController#hello as HTML
  Rendered say/hello.html.erb within layouts/application (0.0ms)
Completed 200 OK in 10ms (Views: 10.0ms | ActiveRecord: 0.0ms)


Started GET "/assets/application.css?body=1" for 127.0.0.1 at 2013-11-20 14:08:46 +0800
Served asset /application.css - 304 Not Modified (0ms)


Started GET "/assets/jquery.js?body=1" for 127.0.0.1 at 2013-11-20 14:08:46 +0800
Served asset /jquery.js - 304 Not Modified (0ms)


Started GET "/assets/say.css?body=1" for 127.0.0.1 at 2013-11-20 14:08:46 +0800
Served asset /say.css - 304 Not Modified (0ms)


Started GET "/assets/say.js?body=1" for 127.0.0.1 at 2013-11-20 14:08:46 +0800
Served asset /say.js - 304 Not Modified (0ms)


Started GET "/assets/application.js?body=1" for 127.0.0.1 at 2013-11-20 14:08:46 +0800
Served asset /application.js - 304 Not Modified (0ms)


Started GET "/assets/jquery_ujs.js?body=1" for 127.0.0.1 at 2013-11-20 14:08:46 +0800
Served asset /jquery_ujs.js - 304 Not Modified (0ms)


Started GET "/say/hello" for 127.0.0.1 at 2013-11-20 14:09:36 +0800
Processing by SayController#hello as HTML
  Rendered say/hello.html.erb within layouts/application (0.4ms)
Completed 200 OK in 27ms (Views: 27.0ms | ActiveRecord: 0.0ms)


Started GET "/assets/application.css?body=1" for 127.0.0.1 at 2013-11-20 14:09:36 +0800
Served asset /application.css - 304 Not Modified (0ms)


Started GET "/assets/say.css?body=1" for 127.0.0.1 at 2013-11-20 14:09:36 +0800
Served asset /say.css - 304 Not Modified (0ms)


Started GET "/assets/jquery.js?body=1" for 127.0.0.1 at 2013-11-20 14:09:36 +0800
Served asset /jquery.js - 304 Not Modified (0ms)


Started GET "/assets/application.js?body=1" for 127.0.0.1 at 2013-11-20 14:09:36 +0800
Served asset /application.js - 304 Not Modified (0ms)


Started GET "/assets/jquery_ujs.js?body=1" for 127.0.0.1 at 2013-11-20 14:09:36 +0800
Served asset /jquery_ujs.js - 304 Not Modified (0ms)


Started GET "/assets/say.js?body=1" for 127.0.0.1 at 2013-11-20 14:09:36 +0800
Served asset /say.js - 304 Not Modified (0ms)


Started GET "/say/hello" for 127.0.0.1 at 2013-11-20 14:10:05 +0800
Processing by SayController#hello as HTML
  Rendered say/hello.html.erb within layouts/application (10.9ms)
Completed 500 Internal Server Error in 13ms

ActionView::Template::Error (undefined local variable or method `time' for #<#<Class:0x007fd2db2bbb18>:0x007fd2da780d98>):
    1: <h1>Hello from Rails!</h1>
    2: <p>It is now <%= time %></p>
    3: <p>
    4: Say <a href="/say/goodbye">Goodbye</a>!
    5: </p>
  app/views/say/hello.html.erb:2:in `_app_views_say_hello_html_erb__1116788257021445812_70271792578020'


  Rendered /Users/ziqew/.rvm/gems/ruby-1.9.3-p448/gems/actionpack-3.2.13/lib/action_dispatch/middleware/templates/rescues/_trace.erb (2.0ms)
  Rendered /Users/ziqew/.rvm/gems/ruby-1.9.3-p448/gems/actionpack-3.2.13/lib/action_dispatch/middleware/templates/rescues/_request_and_response.erb (1.1ms)
  Rendered /Users/ziqew/.rvm/gems/ruby-1.9.3-p448/gems/actionpack-3.2.13/lib/action_dispatch/middleware/templates/rescues/template_error.erb within rescues/layout (12.5ms)


Started GET "/say/hello" for 127.0.0.1 at 2013-11-20 14:10:33 +0800
Processing by SayController#hello as HTML
  Rendered say/hello.html.erb within layouts/application (0.5ms)
Completed 200 OK in 10ms (Views: 9.4ms | ActiveRecord: 0.0ms)


Started GET "/assets/application.css?body=1" for 127.0.0.1 at 2013-11-20 14:10:33 +0800
Served asset /application.css - 304 Not Modified (0ms)


Started GET "/assets/say.css?body=1" for 127.0.0.1 at 2013-11-20 14:10:33 +0800
Served asset /say.css - 304 Not Modified (0ms)


Started GET "/assets/application.js?body=1" for 127.0.0.1 at 2013-11-20 14:10:33 +0800
Served asset /application.js - 304 Not Modified (0ms)


Started GET "/assets/jquery.js?body=1" for 127.0.0.1 at 2013-11-20 14:10:33 +0800
Served asset /jquery.js - 304 Not Modified (0ms)


Started GET "/assets/jquery_ujs.js?body=1" for 127.0.0.1 at 2013-11-20 14:10:33 +0800
Served asset /jquery_ujs.js - 304 Not Modified (0ms)


Started GET "/assets/say.js?body=1" for 127.0.0.1 at 2013-11-20 14:10:33 +0800
Served asset /say.js - 304 Not Modified (0ms)


Started GET "/say/hello" for 127.0.0.1 at 2013-11-20 14:11:58 +0800
Processing by SayController#hello as HTML
  Rendered say/hello.html.erb within layouts/application (1.1ms)
Completed 200 OK in 28ms (Views: 27.9ms | ActiveRecord: 0.0ms)


Started GET "/assets/application.css?body=1" for 127.0.0.1 at 2013-11-20 14:11:58 +0800
Served asset /application.css - 304 Not Modified (0ms)


Started GET "/assets/jquery_ujs.js?body=1" for 127.0.0.1 at 2013-11-20 14:11:59 +0800
Served asset /jquery_ujs.js - 304 Not Modified (0ms)


Started GET "/assets/application.js?body=1" for 127.0.0.1 at 2013-11-20 14:11:59 +0800
Served asset /application.js - 304 Not Modified (0ms)


Started GET "/assets/say.js?body=1" for 127.0.0.1 at 2013-11-20 14:11:59 +0800
Served asset /say.js - 304 Not Modified (0ms)


Started GET "/assets/jquery.js?body=1" for 127.0.0.1 at 2013-11-20 14:11:59 +0800
Served asset /jquery.js - 304 Not Modified (0ms)


Started GET "/assets/say.css?body=1" for 127.0.0.1 at 2013-11-20 14:11:59 +0800
Served asset /say.css - 304 Not Modified (0ms)


Started GET "/say/hello" for 127.0.0.1 at 2013-11-20 14:12:38 +0800
Processing by SayController#hello as HTML
  Rendered say/hello.html.erb within layouts/application (0.8ms)
Completed 200 OK in 11ms (Views: 11.1ms | ActiveRecord: 0.0ms)


Started GET "/assets/application.css?body=1" for 127.0.0.1 at 2013-11-20 14:12:38 +0800
Served asset /application.css - 304 Not Modified (0ms)


Started GET "/assets/say.css?body=1" for 127.0.0.1 at 2013-11-20 14:12:38 +0800
Served asset /say.css - 304 Not Modified (0ms)


Started GET "/assets/jquery.js?body=1" for 127.0.0.1 at 2013-11-20 14:12:38 +0800
Served asset /jquery.js - 304 Not Modified (0ms)


Started GET "/assets/say.js?body=1" for 127.0.0.1 at 2013-11-20 14:12:38 +0800
Served asset /say.js - 304 Not Modified (0ms)


Started GET "/assets/jquery_ujs.js?body=1" for 127.0.0.1 at 2013-11-20 14:12:38 +0800
Served asset /jquery_ujs.js - 304 Not Modified (0ms)


Started GET "/assets/application.js?body=1" for 127.0.0.1 at 2013-11-20 14:12:38 +0800
Served asset /application.js - 304 Not Modified (0ms)


Started GET "/say/goodbye" for 127.0.0.1 at 2013-11-20 14:12:58 +0800
Processing by SayController#goodbye as HTML
  Rendered say/goodbye.html.erb within layouts/application (0.0ms)
Completed 200 OK in 9ms (Views: 8.9ms | ActiveRecord: 0.0ms)


Started GET "/assets/application.css?body=1" for 127.0.0.1 at 2013-11-20 14:12:58 +0800
Served asset /application.css - 304 Not Modified (0ms)


Started GET "/assets/say.css?body=1" for 127.0.0.1 at 2013-11-20 14:12:58 +0800
Served asset /say.css - 304 Not Modified (0ms)


Started GET "/assets/application.js?body=1" for 127.0.0.1 at 2013-11-20 14:12:58 +0800
Served asset /application.js - 304 Not Modified (0ms)


Started GET "/assets/jquery.js?body=1" for 127.0.0.1 at 2013-11-20 14:12:58 +0800
Served asset /jquery.js - 304 Not Modified (0ms)


Started GET "/assets/jquery_ujs.js?body=1" for 127.0.0.1 at 2013-11-20 14:12:58 +0800
Served asset /jquery_ujs.js - 304 Not Modified (0ms)


Started GET "/assets/say.js?body=1" for 127.0.0.1 at 2013-11-20 14:12:58 +0800
Served asset /say.js - 304 Not Modified (0ms)


Started GET "/say/goodbye" for 127.0.0.1 at 2013-11-20 14:13:31 +0800
Processing by SayController#goodbye as HTML
  Rendered say/goodbye.html.erb within layouts/application (0.8ms)
Completed 200 OK in 27ms (Views: 26.3ms | ActiveRecord: 0.0ms)


Started GET "/assets/application.css?body=1" for 127.0.0.1 at 2013-11-20 14:13:31 +0800
Served asset /application.css - 304 Not Modified (0ms)


Started GET "/assets/say.js?body=1" for 127.0.0.1 at 2013-11-20 14:13:31 +0800
Served asset /say.js - 304 Not Modified (0ms)


Started GET "/assets/say.css?body=1" for 127.0.0.1 at 2013-11-20 14:13:31 +0800
Served asset /say.css - 304 Not Modified (0ms)


Started GET "/assets/application.js?body=1" for 127.0.0.1 at 2013-11-20 14:13:31 +0800
Served asset /application.js - 304 Not Modified (0ms)


Started GET "/assets/jquery.js?body=1" for 127.0.0.1 at 2013-11-20 14:13:31 +0800
Served asset /jquery.js - 304 Not Modified (0ms)


Started GET "/assets/jquery_ujs.js?body=1" for 127.0.0.1 at 2013-11-20 14:13:31 +0800
Served asset /jquery_ujs.js - 304 Not Modified (0ms)


Started GET "/say/hello" for 127.0.0.1 at 2013-11-20 14:13:32 +0800
Processing by SayController#hello as HTML
  Rendered say/hello.html.erb within layouts/application (0.5ms)
Completed 200 OK in 12ms (Views: 11.7ms | ActiveRecord: 0.0ms)


Started GET "/assets/application.css?body=1" for 127.0.0.1 at 2013-11-20 14:13:32 +0800
Served asset /application.css - 304 Not Modified (0ms)


Started GET "/assets/say.js?body=1" for 127.0.0.1 at 2013-11-20 14:13:32 +0800
Served asset /say.js - 304 Not Modified (0ms)


Started GET "/assets/say.css?body=1" for 127.0.0.1 at 2013-11-20 14:13:32 +0800
Served asset /say.css - 304 Not Modified (0ms)


Started GET "/assets/jquery_ujs.js?body=1" for 127.0.0.1 at 2013-11-20 14:13:32 +0800
Served asset /jquery_ujs.js - 304 Not Modified (0ms)


Started GET "/assets/jquery.js?body=1" for 127.0.0.1 at 2013-11-20 14:13:32 +0800
Served asset /jquery.js - 304 Not Modified (0ms)


Started GET "/assets/application.js?body=1" for 127.0.0.1 at 2013-11-20 14:13:32 +0800
Served asset /application.js - 304 Not Modified (0ms)
Connecting to database specified by database.yml
Connecting to database specified by database.yml
Connecting to database specified by database.yml
Connecting to database specified by database.yml
Connecting to database specified by database.yml
  [1m[36m (70.4ms)[0m  [1mCREATE TABLE `schema_migrations` (`version` varchar(255) NOT NULL) ENGINE=InnoDB[0m
  [1m[35m (244.5ms)[0m  CREATE UNIQUE INDEX `unique_schema_migrations` ON `schema_migrations` (`version`)
  [1m[36m (1.4ms)[0m  [1mSELECT `schema_migrations`.`version` FROM `schema_migrations` [0m
Migrating to CreateProducts (20131120084619)
  [1m[35m (70.4ms)[0m  CREATE TABLE `products` (`id` int(11) DEFAULT NULL auto_increment PRIMARY KEY, `title` varchar(255), `description` text, `image_url` varchar(255), `price` decimal, `created_at` datetime NOT NULL, `updated_at` datetime NOT NULL) ENGINE=InnoDB
  [1m[36m (0.6ms)[0m  [1mINSERT INTO `schema_migrations` (`version`) VALUES ('20131120084619')[0m
  [1m[35m (0.2ms)[0m  SELECT `schema_migrations`.`version` FROM `schema_migrations` 


Started GET "/product/list" for 127.0.0.1 at 2013-11-20 16:55:46 +0800

ActionController::RoutingError (No route matches [GET] "/product/list"):
  actionpack (3.2.13) lib/action_dispatch/middleware/debug_exceptions.rb:21:in `call'
  actionpack (3.2.13) lib/action_dispatch/middleware/show_exceptions.rb:56:in `call'
  railties (3.2.13) lib/rails/rack/logger.rb:32:in `call_app'
  railties (3.2.13) lib/rails/rack/logger.rb:16:in `block in call'
  activesupport (3.2.13) lib/active_support/tagged_logging.rb:22:in `tagged'
  railties (3.2.13) lib/rails/rack/logger.rb:16:in `call'
  actionpack (3.2.13) lib/action_dispatch/middleware/request_id.rb:22:in `call'
  rack (1.4.5) lib/rack/methodoverride.rb:21:in `call'
  rack (1.4.5) lib/rack/runtime.rb:17:in `call'
  activesupport (3.2.13) lib/active_support/cache/strategy/local_cache.rb:72:in `call'
  rack (1.4.5) lib/rack/lock.rb:15:in `call'
  actionpack (3.2.13) lib/action_dispatch/middleware/static.rb:63:in `call'
  railties (3.2.13) lib/rails/engine.rb:479:in `call'
  railties (3.2.13) lib/rails/application.rb:223:in `call'
  rack (1.4.5) lib/rack/content_length.rb:14:in `call'
  railties (3.2.13) lib/rails/rack/log_tailer.rb:17:in `call'
  rack (1.4.5) lib/rack/handler/webrick.rb:59:in `service'
  /Users/ziqew/.rvm/rubies/ruby-1.9.3-p448/lib/ruby/1.9.1/webrick/httpserver.rb:138:in `service'
  /Users/ziqew/.rvm/rubies/ruby-1.9.3-p448/lib/ruby/1.9.1/webrick/httpserver.rb:94:in `run'
  /Users/ziqew/.rvm/rubies/ruby-1.9.3-p448/lib/ruby/1.9.1/webrick/server.rb:191:in `block in start_thread'


  Rendered /Users/ziqew/.rvm/gems/ruby-1.9.3-p448/gems/actionpack-3.2.13/lib/action_dispatch/middleware/templates/rescues/routing_error.erb within rescues/layout (2.5ms)


Started GET "/products/list" for 127.0.0.1 at 2013-11-20 16:55:53 +0800
Processing by ProductsController#show as HTML
  Parameters: {"id"=>"list"}
  [1m[36mProduct Load (0.3ms)[0m  [1mSELECT `products`.* FROM `products` WHERE `products`.`id` = 0 LIMIT 1[0m
Completed 404 Not Found in 62ms

ActiveRecord::RecordNotFound (Couldn't find Product with id=list):
  app/controllers/products_controller.rb:16:in `show'


  Rendered /Users/ziqew/.rvm/gems/ruby-1.9.3-p448/gems/actionpack-3.2.13/lib/action_dispatch/middleware/templates/rescues/_trace.erb (1.1ms)
  Rendered /Users/ziqew/.rvm/gems/ruby-1.9.3-p448/gems/actionpack-3.2.13/lib/action_dispatch/middleware/templates/rescues/_request_and_response.erb (0.9ms)
  Rendered /Users/ziqew/.rvm/gems/ruby-1.9.3-p448/gems/actionpack-3.2.13/lib/action_dispatch/middleware/templates/rescues/diagnostics.erb within rescues/layout (9.7ms)


Started GET "/products/add" for 127.0.0.1 at 2013-11-20 16:56:01 +0800
Processing by ProductsController#show as HTML
  Parameters: {"id"=>"add"}
  [1m[35mProduct Load (0.4ms)[0m  SELECT `products`.* FROM `products` WHERE `products`.`id` = 0 LIMIT 1
Completed 404 Not Found in 1ms

ActiveRecord::RecordNotFound (Couldn't find Product with id=add):
  app/controllers/products_controller.rb:16:in `show'


  Rendered /Users/ziqew/.rvm/gems/ruby-1.9.3-p448/gems/actionpack-3.2.13/lib/action_dispatch/middleware/templates/rescues/_trace.erb (1.9ms)
  Rendered /Users/ziqew/.rvm/gems/ruby-1.9.3-p448/gems/actionpack-3.2.13/lib/action_dispatch/middleware/templates/rescues/_request_and_response.erb (1.3ms)
  Rendered /Users/ziqew/.rvm/gems/ruby-1.9.3-p448/gems/actionpack-3.2.13/lib/action_dispatch/middleware/templates/rescues/diagnostics.erb within rescues/layout (11.2ms)


Started GET "/product/add" for 127.0.0.1 at 2013-11-20 16:56:05 +0800

ActionController::RoutingError (No route matches [GET] "/product/add"):
  actionpack (3.2.13) lib/action_dispatch/middleware/debug_exceptions.rb:21:in `call'
  actionpack (3.2.13) lib/action_dispatch/middleware/show_exceptions.rb:56:in `call'
  railties (3.2.13) lib/rails/rack/logger.rb:32:in `call_app'
  railties (3.2.13) lib/rails/rack/logger.rb:16:in `block in call'
  activesupport (3.2.13) lib/active_support/tagged_logging.rb:22:in `tagged'
  railties (3.2.13) lib/rails/rack/logger.rb:16:in `call'
  actionpack (3.2.13) lib/action_dispatch/middleware/request_id.rb:22:in `call'
  rack (1.4.5) lib/rack/methodoverride.rb:21:in `call'
  rack (1.4.5) lib/rack/runtime.rb:17:in `call'
  activesupport (3.2.13) lib/active_support/cache/strategy/local_cache.rb:72:in `call'
  rack (1.4.5) lib/rack/lock.rb:15:in `call'
  actionpack (3.2.13) lib/action_dispatch/middleware/static.rb:63:in `call'
  railties (3.2.13) lib/rails/engine.rb:479:in `call'
  railties (3.2.13) lib/rails/application.rb:223:in `call'
  rack (1.4.5) lib/rack/content_length.rb:14:in `call'
  railties (3.2.13) lib/rails/rack/log_tailer.rb:17:in `call'
  rack (1.4.5) lib/rack/handler/webrick.rb:59:in `service'
  /Users/ziqew/.rvm/rubies/ruby-1.9.3-p448/lib/ruby/1.9.1/webrick/httpserver.rb:138:in `service'
  /Users/ziqew/.rvm/rubies/ruby-1.9.3-p448/lib/ruby/1.9.1/webrick/httpserver.rb:94:in `run'
  /Users/ziqew/.rvm/rubies/ruby-1.9.3-p448/lib/ruby/1.9.1/webrick/server.rb:191:in `block in start_thread'


  Rendered /Users/ziqew/.rvm/gems/ruby-1.9.3-p448/gems/actionpack-3.2.13/lib/action_dispatch/middleware/templates/rescues/routing_error.erb within rescues/layout (0.6ms)


Started GET "/products/index" for 127.0.0.1 at 2013-11-20 16:56:25 +0800
Processing by ProductsController#show as HTML
  Parameters: {"id"=>"index"}
  [1m[36mProduct Load (0.4ms)[0m  [1mSELECT `products`.* FROM `products` WHERE `products`.`id` = 0 LIMIT 1[0m
Completed 404 Not Found in 1ms

ActiveRecord::RecordNotFound (Couldn't find Product with id=index):
  app/controllers/products_controller.rb:16:in `show'


  Rendered /Users/ziqew/.rvm/gems/ruby-1.9.3-p448/gems/actionpack-3.2.13/lib/action_dispatch/middleware/templates/rescues/_trace.erb (1.2ms)
  Rendered /Users/ziqew/.rvm/gems/ruby-1.9.3-p448/gems/actionpack-3.2.13/lib/action_dispatch/middleware/templates/rescues/_request_and_response.erb (1.1ms)
  Rendered /Users/ziqew/.rvm/gems/ruby-1.9.3-p448/gems/actionpack-3.2.13/lib/action_dispatch/middleware/templates/rescues/diagnostics.erb within rescues/layout (8.4ms)


Started GET "/products" for 127.0.0.1 at 2013-11-20 16:56:43 +0800
Processing by ProductsController#index as HTML
  [1m[35mProduct Load (0.4ms)[0m  SELECT `products`.* FROM `products` 
  Rendered products/index.html.erb within layouts/application (1.0ms)
Compiled products.css  (20ms)  (pid 2163)
Compiled scaffolds.css  (10ms)  (pid 2163)
Compiled application.css  (77ms)  (pid 2163)
Compiled products.js  (744ms)  (pid 2163)
Compiled application.js  (754ms)  (pid 2163)
Completed 200 OK in 991ms (Views: 989.9ms | ActiveRecord: 0.4ms)


Started GET "/assets/application.css?body=1" for 127.0.0.1 at 2013-11-20 16:56:44 +0800
Served asset /application.css - 200 OK (10ms)


Started GET "/assets/products.js?body=1" for 127.0.0.1 at 2013-11-20 16:56:44 +0800
Served asset /products.js - 200 OK (3ms)


Started GET "/assets/jquery.js?body=1" for 127.0.0.1 at 2013-11-20 16:56:44 +0800
Served asset /jquery.js - 200 OK (3ms)


Started GET "/assets/jquery_ujs.js?body=1" for 127.0.0.1 at 2013-11-20 16:56:44 +0800
Served asset /jquery_ujs.js - 200 OK (2ms)


Started GET "/assets/say.css?body=1" for 127.0.0.1 at 2013-11-20 16:56:44 +0800
Served asset /say.css - 200 OK (1ms)


Started GET "/assets/scaffolds.css?body=1" for 127.0.0.1 at 2013-11-20 16:56:44 +0800
Served asset /scaffolds.css - 200 OK (1ms)


Started GET "/assets/products.css?body=1" for 127.0.0.1 at 2013-11-20 16:56:44 +0800
Served asset /products.css - 200 OK (1ms)


Started GET "/assets/say.js?body=1" for 127.0.0.1 at 2013-11-20 16:56:44 +0800
Served asset /say.js - 200 OK (1ms)


Started GET "/assets/application.js?body=1" for 127.0.0.1 at 2013-11-20 16:56:44 +0800
Served asset /application.js - 200 OK (5ms)


Started GET "/products/new" for 127.0.0.1 at 2013-11-20 16:56:48 +0800
Processing by ProductsController#new as HTML
  Rendered products/_form.html.erb (64.2ms)
  Rendered products/new.html.erb within layouts/application (84.4ms)
Completed 200 OK in 107ms (Views: 100.0ms | ActiveRecord: 0.0ms)


Started GET "/assets/application.css?body=1" for 127.0.0.1 at 2013-11-20 16:56:48 +0800
Served asset /application.css - 304 Not Modified (0ms)


Started GET "/assets/products.css?body=1" for 127.0.0.1 at 2013-11-20 16:56:48 +0800
Served asset /products.css - 304 Not Modified (0ms)


Started GET "/assets/say.css?body=1" for 127.0.0.1 at 2013-11-20 16:56:48 +0800
Served asset /say.css - 304 Not Modified (0ms)


Started GET "/assets/products.js?body=1" for 127.0.0.1 at 2013-11-20 16:56:48 +0800
Served asset /products.js - 304 Not Modified (0ms)


Started GET "/assets/scaffolds.css?body=1" for 127.0.0.1 at 2013-11-20 16:56:48 +0800
Served asset /scaffolds.css - 304 Not Modified (0ms)


Started GET "/assets/say.js?body=1" for 127.0.0.1 at 2013-11-20 16:56:48 +0800
Served asset /say.js - 304 Not Modified (0ms)


Started GET "/assets/jquery.js?body=1" for 127.0.0.1 at 2013-11-20 16:56:48 +0800
Served asset /jquery.js - 304 Not Modified (0ms)


Started GET "/assets/application.js?body=1" for 127.0.0.1 at 2013-11-20 16:56:48 +0800
Served asset /application.js - 304 Not Modified (0ms)


Started GET "/assets/jquery_ujs.js?body=1" for 127.0.0.1 at 2013-11-20 16:56:48 +0800
Served asset /jquery_ujs.js - 304 Not Modified (0ms)


Started POST "/products" for 127.0.0.1 at 2013-11-20 16:57:19 +0800
Processing by ProductsController#create as HTML
  Parameters: {"utf8"=>"✓", "authenticity_token"=>"V/Abt5JRpBM8rwAxy7BndrGNDIqVRlBCstnMYG1eWtw=", "product"=>{"title"=>"tv", "description"=>"this is a tv set", "image_url"=>"http://localhost/img", "price"=>"10"}, "commit"=>"Create Product"}
  [1m[36m (0.2ms)[0m  [1mBEGIN[0m
  [1m[35mSQL (0.4ms)[0m  INSERT INTO `products` (`created_at`, `description`, `image_url`, `price`, `title`, `updated_at`) VALUES ('2013-11-20 08:57:19', 'this is a tv set', 'http://localhost/img', 10, 'tv', '2013-11-20 08:57:19')
  [1m[36m (0.5ms)[0m  [1mCOMMIT[0m
Redirected to http://localhost:3000/products/1
Completed 302 Found in 55ms (ActiveRecord: 1.2ms)


Started GET "/products/1" for 127.0.0.1 at 2013-11-20 16:57:19 +0800
Processing by ProductsController#show as HTML
  Parameters: {"id"=>"1"}
  [1m[35mProduct Load (0.3ms)[0m  SELECT `products`.* FROM `products` WHERE `products`.`id` = 1 LIMIT 1
  Rendered products/show.html.erb within layouts/application (1.3ms)
Completed 200 OK in 19ms (Views: 17.3ms | ActiveRecord: 0.3ms)


Started GET "/assets/application.css?body=1" for 127.0.0.1 at 2013-11-20 16:57:19 +0800
Served asset /application.css - 304 Not Modified (0ms)


Started GET "/assets/products.css?body=1" for 127.0.0.1 at 2013-11-20 16:57:19 +0800
Served asset /products.css - 304 Not Modified (0ms)


Started GET "/assets/say.css?body=1" for 127.0.0.1 at 2013-11-20 16:57:19 +0800
Served asset /say.css - 304 Not Modified (0ms)


Started GET "/assets/products.js?body=1" for 127.0.0.1 at 2013-11-20 16:57:19 +0800
Served asset /products.js - 304 Not Modified (0ms)


Started GET "/assets/jquery.js?body=1" for 127.0.0.1 at 2013-11-20 16:57:19 +0800
Served asset /jquery.js - 304 Not Modified (0ms)


Started GET "/assets/jquery_ujs.js?body=1" for 127.0.0.1 at 2013-11-20 16:57:19 +0800
Served asset /jquery_ujs.js - 304 Not Modified (0ms)


Started GET "/assets/scaffolds.css?body=1" for 127.0.0.1 at 2013-11-20 16:57:19 +0800
Served asset /scaffolds.css - 304 Not Modified (0ms)


Started GET "/assets/say.js?body=1" for 127.0.0.1 at 2013-11-20 16:57:19 +0800
Served asset /say.js - 304 Not Modified (0ms)


Started GET "/assets/application.js?body=1" for 127.0.0.1 at 2013-11-20 16:57:19 +0800
Served asset /application.js - 304 Not Modified (0ms)


Started GET "/products/" for 127.0.0.1 at 2013-11-20 16:57:26 +0800
Processing by ProductsController#index as HTML
  [1m[36mProduct Load (0.4ms)[0m  [1mSELECT `products`.* FROM `products` [0m
  Rendered products/index.html.erb within layouts/application (1.2ms)
Completed 200 OK in 65ms (Views: 63.6ms | ActiveRecord: 0.4ms)


Started GET "/assets/application.css?body=1" for 127.0.0.1 at 2013-11-20 16:57:26 +0800
Served asset /application.css - 304 Not Modified (0ms)


Started GET "/assets/jquery_ujs.js?body=1" for 127.0.0.1 at 2013-11-20 16:57:26 +0800
Served asset /jquery_ujs.js - 304 Not Modified (0ms)


Started GET "/assets/products.css?body=1" for 127.0.0.1 at 2013-11-20 16:57:26 +0800
Served asset /products.css - 304 Not Modified (0ms)


Started GET "/assets/jquery.js?body=1" for 127.0.0.1 at 2013-11-20 16:57:26 +0800
Served asset /jquery.js - 304 Not Modified (0ms)


Started GET "/assets/say.css?body=1" for 127.0.0.1 at 2013-11-20 16:57:26 +0800
Served asset /say.css - 304 Not Modified (0ms)


Started GET "/assets/scaffolds.css?body=1" for 127.0.0.1 at 2013-11-20 16:57:26 +0800
Served asset /scaffolds.css - 304 Not Modified (0ms)


Started GET "/assets/products.js?body=1" for 127.0.0.1 at 2013-11-20 16:57:26 +0800
Served asset /products.js - 304 Not Modified (0ms)


Started GET "/assets/say.js?body=1" for 127.0.0.1 at 2013-11-20 16:57:26 +0800
Served asset /say.js - 304 Not Modified (0ms)


Started GET "/assets/application.js?body=1" for 127.0.0.1 at 2013-11-20 16:57:26 +0800
Served asset /application.js - 304 Not Modified (0ms)


Started GET "/products/new" for 127.0.0.1 at 2013-11-20 17:11:39 +0800
Processing by ProductsController#new as HTML
  Rendered products/_form.html.erb (2.2ms)
  Rendered products/new.html.erb within layouts/application (2.9ms)
Completed 200 OK in 21ms (Views: 20.8ms | ActiveRecord: 0.0ms)


Started GET "/assets/application.css?body=1" for 127.0.0.1 at 2013-11-20 17:11:39 +0800
Served asset /application.css - 304 Not Modified (0ms)


Started GET "/assets/jquery.js?body=1" for 127.0.0.1 at 2013-11-20 17:11:39 +0800
Served asset /jquery.js - 304 Not Modified (0ms)


Started GET "/assets/jquery_ujs.js?body=1" for 127.0.0.1 at 2013-11-20 17:11:39 +0800
Served asset /jquery_ujs.js - 304 Not Modified (0ms)


Started GET "/assets/scaffolds.css?body=1" for 127.0.0.1 at 2013-11-20 17:11:39 +0800
Served asset /scaffolds.css - 304 Not Modified (0ms)


Started GET "/assets/products.css?body=1" for 127.0.0.1 at 2013-11-20 17:11:39 +0800
Served asset /products.css - 304 Not Modified (0ms)


Started GET "/assets/say.css?body=1" for 127.0.0.1 at 2013-11-20 17:11:39 +0800
Served asset /say.css - 304 Not Modified (0ms)


Started GET "/assets/products.js?body=1" for 127.0.0.1 at 2013-11-20 17:11:39 +0800
Served asset /products.js - 304 Not Modified (0ms)


Started GET "/assets/say.js?body=1" for 127.0.0.1 at 2013-11-20 17:11:39 +0800
Served asset /say.js - 304 Not Modified (0ms)


Started GET "/assets/application.js?body=1" for 127.0.0.1 at 2013-11-20 17:11:39 +0800
Served asset /application.js - 304 Not Modified (0ms)


Started POST "/products" for 127.0.0.1 at 2013-11-20 17:12:01 +0800
Processing by ProductsController#create as HTML
  Parameters: {"utf8"=>"✓", "authenticity_token"=>"V/Abt5JRpBM8rwAxy7BndrGNDIqVRlBCstnMYG1eWtw=", "product"=>{"title"=>"table", "description"=>"table sssssssss", "image_url"=>"gg.png", "price"=>"12"}, "commit"=>"Create Product"}
  [1m[35m (0.1ms)[0m  BEGIN
  [1m[36mSQL (0.4ms)[0m  [1mINSERT INTO `products` (`created_at`, `description`, `image_url`, `price`, `title`, `updated_at`) VALUES ('2013-11-20 09:12:01', 'table sssssssss', 'gg.png', 12, 'table', '2013-11-20 09:12:01')[0m
  [1m[35m (0.3ms)[0m  COMMIT
Redirected to http://localhost:3000/products/2
Completed 302 Found in 4ms (ActiveRecord: 0.8ms)


Started GET "/products/2" for 127.0.0.1 at 2013-11-20 17:12:01 +0800
Processing by ProductsController#show as HTML
  Parameters: {"id"=>"2"}
  [1m[36mProduct Load (0.4ms)[0m  [1mSELECT `products`.* FROM `products` WHERE `products`.`id` = 2 LIMIT 1[0m
  Rendered products/show.html.erb within layouts/application (0.5ms)
Completed 200 OK in 20ms (Views: 18.3ms | ActiveRecord: 0.4ms)


Started GET "/assets/application.css?body=1" for 127.0.0.1 at 2013-11-20 17:12:01 +0800
Served asset /application.css - 304 Not Modified (0ms)


Started GET "/assets/jquery_ujs.js?body=1" for 127.0.0.1 at 2013-11-20 17:12:01 +0800
Served asset /jquery_ujs.js - 304 Not Modified (0ms)


Started GET "/assets/products.css?body=1" for 127.0.0.1 at 2013-11-20 17:12:01 +0800
Served asset /products.css - 304 Not Modified (0ms)


Started GET "/assets/jquery.js?body=1" for 127.0.0.1 at 2013-11-20 17:12:01 +0800
Served asset /jquery.js - 304 Not Modified (0ms)


Started GET "/assets/scaffolds.css?body=1" for 127.0.0.1 at 2013-11-20 17:12:01 +0800
Served asset /scaffolds.css - 304 Not Modified (0ms)


Started GET "/assets/say.css?body=1" for 127.0.0.1 at 2013-11-20 17:12:01 +0800
Served asset /say.css - 304 Not Modified (0ms)


Started GET "/assets/products.js?body=1" for 127.0.0.1 at 2013-11-20 17:12:01 +0800
Served asset /products.js - 304 Not Modified (0ms)


Started GET "/assets/say.js?body=1" for 127.0.0.1 at 2013-11-20 17:12:01 +0800
Served asset /say.js - 304 Not Modified (0ms)


Started GET "/assets/application.js?body=1" for 127.0.0.1 at 2013-11-20 17:12:01 +0800
Served asset /application.js - 304 Not Modified (0ms)
Connecting to database specified by database.yml
Connecting to database specified by database.yml
Connecting to database specified by database.yml


Started GET "/product" for 127.0.0.1 at 2013-11-23 13:28:59 +0800

ActionController::RoutingError (No route matches [GET] "/product"):
  actionpack (3.2.13) lib/action_dispatch/middleware/debug_exceptions.rb:21:in `call'
  actionpack (3.2.13) lib/action_dispatch/middleware/show_exceptions.rb:56:in `call'
  railties (3.2.13) lib/rails/rack/logger.rb:32:in `call_app'
  railties (3.2.13) lib/rails/rack/logger.rb:16:in `block in call'
  activesupport (3.2.13) lib/active_support/tagged_logging.rb:22:in `tagged'
  railties (3.2.13) lib/rails/rack/logger.rb:16:in `call'
  actionpack (3.2.13) lib/action_dispatch/middleware/request_id.rb:22:in `call'
  rack (1.4.5) lib/rack/methodoverride.rb:21:in `call'
  rack (1.4.5) lib/rack/runtime.rb:17:in `call'
  activesupport (3.2.13) lib/active_support/cache/strategy/local_cache.rb:72:in `call'
  rack (1.4.5) lib/rack/lock.rb:15:in `call'
  actionpack (3.2.13) lib/action_dispatch/middleware/static.rb:63:in `call'
  railties (3.2.13) lib/rails/engine.rb:479:in `call'
  railties (3.2.13) lib/rails/application.rb:223:in `call'
  rack (1.4.5) lib/rack/content_length.rb:14:in `call'
  railties (3.2.13) lib/rails/rack/log_tailer.rb:17:in `call'
  rack (1.4.5) lib/rack/handler/webrick.rb:59:in `service'
  /Users/ziqew/.rvm/rubies/ruby-1.9.3-p448/lib/ruby/1.9.1/webrick/httpserver.rb:138:in `service'
  /Users/ziqew/.rvm/rubies/ruby-1.9.3-p448/lib/ruby/1.9.1/webrick/httpserver.rb:94:in `run'
  /Users/ziqew/.rvm/rubies/ruby-1.9.3-p448/lib/ruby/1.9.1/webrick/server.rb:191:in `block in start_thread'


  Rendered /Users/ziqew/.rvm/gems/ruby-1.9.3-p448/gems/actionpack-3.2.13/lib/action_dispatch/middleware/templates/rescues/routing_error.erb within rescues/layout (2.7ms)


Started GET "/products" for 127.0.0.1 at 2013-11-23 13:29:02 +0800
Processing by ProductsController#index as HTML
  [1m[36mProduct Load (0.3ms)[0m  [1mSELECT `products`.* FROM `products` [0m
  Rendered products/index.html.erb within layouts/application (3.8ms)
Completed 200 OK in 177ms (Views: 110.0ms | ActiveRecord: 3.3ms)


Started GET "/assets/application.css?body=1" for 127.0.0.1 at 2013-11-23 13:29:02 +0800
Served asset /application.css - 304 Not Modified (4ms)


Started GET "/assets/products.css?body=1" for 127.0.0.1 at 2013-11-23 13:29:02 +0800
Served asset /products.css - 200 OK (3ms)


Started GET "/assets/scaffolds.css?body=1" for 127.0.0.1 at 2013-11-23 13:29:02 +0800
Served asset /scaffolds.css - 200 OK (1ms)


Started GET "/assets/jquery.js?body=1" for 127.0.0.1 at 2013-11-23 13:29:03 +0800
Served asset /jquery.js - 304 Not Modified (4ms)


Started GET "/assets/jquery_ujs.js?body=1" for 127.0.0.1 at 2013-11-23 13:29:03 +0800
Served asset /jquery_ujs.js - 304 Not Modified (1ms)


Started GET "/assets/application.js?body=1" for 127.0.0.1 at 2013-11-23 13:29:03 +0800
Served asset /application.js - 304 Not Modified (5ms)


Started GET "/assets/products.js?body=1" for 127.0.0.1 at 2013-11-23 13:29:03 +0800
Served asset /products.js - 200 OK (1ms)


Started GET "/assets/say.js?body=1" for 127.0.0.1 at 2013-11-23 13:29:03 +0800
Served asset /say.js - 304 Not Modified (1ms)


Started GET "/assets/say.css?body=1" for 127.0.0.1 at 2013-11-23 13:29:03 +0800
Served asset /say.css - 304 Not Modified (1ms)


Started GET "/products/index" for 127.0.0.1 at 2013-11-23 13:29:30 +0800
Processing by ProductsController#show as HTML
  Parameters: {"id"=>"index"}
  [1m[35mProduct Load (0.3ms)[0m  SELECT `products`.* FROM `products` WHERE `products`.`id` = 0 LIMIT 1
Completed 404 Not Found in 3ms

ActiveRecord::RecordNotFound (Couldn't find Product with id=index):
  app/controllers/products_controller.rb:16:in `show'


  Rendered /Users/ziqew/.rvm/gems/ruby-1.9.3-p448/gems/actionpack-3.2.13/lib/action_dispatch/middleware/templates/rescues/_trace.erb (1.2ms)
  Rendered /Users/ziqew/.rvm/gems/ruby-1.9.3-p448/gems/actionpack-3.2.13/lib/action_dispatch/middleware/templates/rescues/_request_and_response.erb (1.0ms)
  Rendered /Users/ziqew/.rvm/gems/ruby-1.9.3-p448/gems/actionpack-3.2.13/lib/action_dispatch/middleware/templates/rescues/diagnostics.erb within rescues/layout (16.3ms)


Started GET "/products/1" for 127.0.0.1 at 2013-11-23 13:29:43 +0800
Processing by ProductsController#show as HTML
  Parameters: {"id"=>"1"}
  [1m[36mProduct Load (0.4ms)[0m  [1mSELECT `products`.* FROM `products` WHERE `products`.`id` = 1 LIMIT 1[0m
  Rendered products/show.html.erb within layouts/application (1.4ms)
Completed 200 OK in 73ms (Views: 71.5ms | ActiveRecord: 0.4ms)


Started GET "/assets/application.css?body=1" for 127.0.0.1 at 2013-11-23 13:29:43 +0800
Served asset /application.css - 304 Not Modified (0ms)


Started GET "/assets/jquery.js?body=1" for 127.0.0.1 at 2013-11-23 13:29:43 +0800
Served asset /jquery.js - 304 Not Modified (0ms)


Started GET "/assets/products.css?body=1" for 127.0.0.1 at 2013-11-23 13:29:43 +0800
Served asset /products.css - 304 Not Modified (0ms)


Started GET "/assets/say.css?body=1" for 127.0.0.1 at 2013-11-23 13:29:43 +0800
Served asset /say.css - 304 Not Modified (0ms)


Started GET "/assets/scaffolds.css?body=1" for 127.0.0.1 at 2013-11-23 13:29:43 +0800
Served asset /scaffolds.css - 304 Not Modified (0ms)


Started GET "/assets/jquery_ujs.js?body=1" for 127.0.0.1 at 2013-11-23 13:29:43 +0800
Served asset /jquery_ujs.js - 304 Not Modified (0ms)


Started GET "/assets/products.js?body=1" for 127.0.0.1 at 2013-11-23 13:29:43 +0800
Served asset /products.js - 304 Not Modified (0ms)


Started GET "/assets/say.js?body=1" for 127.0.0.1 at 2013-11-23 13:29:43 +0800
Served asset /say.js - 304 Not Modified (0ms)


Started GET "/assets/application.js?body=1" for 127.0.0.1 at 2013-11-23 13:29:43 +0800
Served asset /application.js - 304 Not Modified (0ms)


Started GET "/products/new" for 127.0.0.1 at 2013-11-23 13:30:03 +0800
Processing by ProductsController#new as HTML
  Rendered products/_form.html.erb (64.0ms)
  Rendered products/new.html.erb within layouts/application (77.2ms)
Completed 200 OK in 130ms (Views: 128.9ms | ActiveRecord: 0.0ms)


Started GET "/assets/application.css?body=1" for 127.0.0.1 at 2013-11-23 13:30:03 +0800
Served asset /application.css - 304 Not Modified (0ms)


Started GET "/assets/jquery_ujs.js?body=1" for 127.0.0.1 at 2013-11-23 13:30:03 +0800
Served asset /jquery_ujs.js - 304 Not Modified (0ms)


Started GET "/assets/jquery.js?body=1" for 127.0.0.1 at 2013-11-23 13:30:03 +0800
Served asset /jquery.js - 304 Not Modified (0ms)


Started GET "/assets/say.css?body=1" for 127.0.0.1 at 2013-11-23 13:30:03 +0800
Served asset /say.css - 304 Not Modified (0ms)


Started GET "/assets/scaffolds.css?body=1" for 127.0.0.1 at 2013-11-23 13:30:03 +0800
Served asset /scaffolds.css - 304 Not Modified (0ms)


Started GET "/assets/products.css?body=1" for 127.0.0.1 at 2013-11-23 13:30:03 +0800
Served asset /products.css - 304 Not Modified (0ms)


Started GET "/assets/products.js?body=1" for 127.0.0.1 at 2013-11-23 13:30:03 +0800
Served asset /products.js - 304 Not Modified (0ms)


Started GET "/assets/say.js?body=1" for 127.0.0.1 at 2013-11-23 13:30:03 +0800
Served asset /say.js - 304 Not Modified (0ms)


Started GET "/assets/application.js?body=1" for 127.0.0.1 at 2013-11-23 13:30:03 +0800
Served asset /application.js - 304 Not Modified (0ms)


Started GET "/products/" for 127.0.0.1 at 2013-11-23 13:31:12 +0800
Processing by ProductsController#index as HTML
  [1m[35mProduct Load (0.4ms)[0m  SELECT `products`.* FROM `products` 
  Rendered products/index.html.erb within layouts/application (1.8ms)
Completed 200 OK in 24ms (Views: 22.1ms | ActiveRecord: 0.4ms)


Started GET "/assets/application.css?body=1" for 127.0.0.1 at 2013-11-23 13:31:12 +0800
Served asset /application.css - 304 Not Modified (0ms)


Started GET "/assets/scaffolds.css?body=1" for 127.0.0.1 at 2013-11-23 13:31:12 +0800
Served asset /scaffolds.css - 304 Not Modified (0ms)


Started GET "/assets/products.css?body=1" for 127.0.0.1 at 2013-11-23 13:31:12 +0800
Served asset /products.css - 304 Not Modified (0ms)


Started GET "/assets/jquery_ujs.js?body=1" for 127.0.0.1 at 2013-11-23 13:31:12 +0800
Served asset /jquery_ujs.js - 304 Not Modified (0ms)


Started GET "/assets/say.css?body=1" for 127.0.0.1 at 2013-11-23 13:31:12 +0800
Served asset /say.css - 304 Not Modified (0ms)


Started GET "/assets/products.js?body=1" for 127.0.0.1 at 2013-11-23 13:31:12 +0800
Served asset /products.js - 304 Not Modified (0ms)


Started GET "/assets/jquery.js?body=1" for 127.0.0.1 at 2013-11-23 13:31:12 +0800
Served asset /jquery.js - 304 Not Modified (0ms)


Started GET "/assets/say.js?body=1" for 127.0.0.1 at 2013-11-23 13:31:12 +0800
Served asset /say.js - 304 Not Modified (0ms)


Started GET "/assets/application.js?body=1" for 127.0.0.1 at 2013-11-23 13:31:12 +0800
Served asset /application.js - 304 Not Modified (0ms)


Started GET "/products/1/edit" for 127.0.0.1 at 2013-11-23 13:31:18 +0800
Processing by ProductsController#edit as HTML
  Parameters: {"id"=>"1"}
  [1m[36mProduct Load (0.3ms)[0m  [1mSELECT `products`.* FROM `products` WHERE `products`.`id` = 1 LIMIT 1[0m
  Rendered products/_form.html.erb (2.9ms)
  Rendered products/edit.html.erb within layouts/application (4.3ms)
Completed 200 OK in 68ms (Views: 66.3ms | ActiveRecord: 0.3ms)


Started GET "/assets/application.css?body=1" for 127.0.0.1 at 2013-11-23 13:31:18 +0800
Served asset /application.css - 304 Not Modified (0ms)


Started GET "/assets/jquery_ujs.js?body=1" for 127.0.0.1 at 2013-11-23 13:31:18 +0800
Served asset /jquery_ujs.js - 304 Not Modified (0ms)


Started GET "/assets/jquery.js?body=1" for 127.0.0.1 at 2013-11-23 13:31:18 +0800
Served asset /jquery.js - 304 Not Modified (0ms)


Started GET "/assets/say.css?body=1" for 127.0.0.1 at 2013-11-23 13:31:18 +0800
Served asset /say.css - 304 Not Modified (0ms)


Started GET "/assets/scaffolds.css?body=1" for 127.0.0.1 at 2013-11-23 13:31:18 +0800
Served asset /scaffolds.css - 304 Not Modified (0ms)


Started GET "/assets/products.css?body=1" for 127.0.0.1 at 2013-11-23 13:31:18 +0800
Served asset /products.css - 304 Not Modified (0ms)


Started GET "/assets/products.js?body=1" for 127.0.0.1 at 2013-11-23 13:31:18 +0800
Served asset /products.js - 304 Not Modified (0ms)


Started GET "/assets/say.js?body=1" for 127.0.0.1 at 2013-11-23 13:31:18 +0800
Served asset /say.js - 304 Not Modified (0ms)


Started GET "/assets/application.js?body=1" for 127.0.0.1 at 2013-11-23 13:31:18 +0800
Served asset /application.js - 304 Not Modified (0ms)


Started PUT "/products/1" for 127.0.0.1 at 2013-11-23 13:32:19 +0800
Processing by ProductsController#update as HTML
  Parameters: {"utf8"=>"✓", "authenticity_token"=>"MQPbWa6CxaOgkpDdmSGqSEEJ2fcMT4/2MATw1aqWlFY=", "product"=>{"title"=>"tv", "description"=>"this is a tv set.", "image_url"=>"http://localhost/img", "price"=>"10"}, "commit"=>"Update Product", "id"=>"1"}
  [1m[35mProduct Load (0.3ms)[0m  SELECT `products`.* FROM `products` WHERE `products`.`id` = 1 LIMIT 1
  [1m[36m (0.1ms)[0m  [1mBEGIN[0m
  [1m[35m (15.4ms)[0m  UPDATE `products` SET `description` = 'this is a tv set.', `updated_at` = '2013-11-23 05:32:19' WHERE `products`.`id` = 1
  [1m[36m (0.5ms)[0m  [1mCOMMIT[0m
Redirected to http://0.0.0.0:3000/products/1
Completed 302 Found in 70ms (ActiveRecord: 16.3ms)


Started GET "/products/1" for 127.0.0.1 at 2013-11-23 13:32:19 +0800
Processing by ProductsController#show as HTML
  Parameters: {"id"=>"1"}
  [1m[35mProduct Load (0.3ms)[0m  SELECT `products`.* FROM `products` WHERE `products`.`id` = 1 LIMIT 1
  Rendered products/show.html.erb within layouts/application (0.9ms)
Completed 200 OK in 17ms (Views: 16.0ms | ActiveRecord: 0.3ms)


Started GET "/assets/application.css?body=1" for 127.0.0.1 at 2013-11-23 13:32:19 +0800
Served asset /application.css - 304 Not Modified (0ms)


Started GET "/assets/say.css?body=1" for 127.0.0.1 at 2013-11-23 13:32:19 +0800
Served asset /say.css - 304 Not Modified (0ms)


Started GET "/assets/products.css?body=1" for 127.0.0.1 at 2013-11-23 13:32:19 +0800
Served asset /products.css - 304 Not Modified (0ms)


Started GET "/assets/products.js?body=1" for 127.0.0.1 at 2013-11-23 13:32:19 +0800
Served asset /products.js - 304 Not Modified (0ms)


Started GET "/assets/jquery_ujs.js?body=1" for 127.0.0.1 at 2013-11-23 13:32:19 +0800
Served asset /jquery_ujs.js - 304 Not Modified (0ms)


Started GET "/assets/jquery.js?body=1" for 127.0.0.1 at 2013-11-23 13:32:19 +0800
Served asset /jquery.js - 304 Not Modified (0ms)


Started GET "/assets/scaffolds.css?body=1" for 127.0.0.1 at 2013-11-23 13:32:19 +0800
Served asset /scaffolds.css - 304 Not Modified (0ms)


Started GET "/assets/say.js?body=1" for 127.0.0.1 at 2013-11-23 13:32:19 +0800
Served asset /say.js - 304 Not Modified (0ms)


Started GET "/assets/application.js?body=1" for 127.0.0.1 at 2013-11-23 13:32:19 +0800
Served asset /application.js - 304 Not Modified (0ms)


Started GET "/products" for 127.0.0.1 at 2013-11-23 13:32:57 +0800
Processing by ProductsController#index as HTML
  [1m[36mProduct Load (0.3ms)[0m  [1mSELECT `products`.* FROM `products` [0m
  Rendered products/index.html.erb within layouts/application (2.4ms)
Completed 200 OK in 25ms (Views: 24.1ms | ActiveRecord: 0.3ms)


Started GET "/assets/application.css?body=1" for 127.0.0.1 at 2013-11-23 13:32:57 +0800
Served asset /application.css - 304 Not Modified (0ms)


Started GET "/assets/products.css?body=1" for 127.0.0.1 at 2013-11-23 13:32:57 +0800
Served asset /products.css - 304 Not Modified (0ms)


Started GET "/assets/say.css?body=1" for 127.0.0.1 at 2013-11-23 13:32:57 +0800
Served asset /say.css - 304 Not Modified (0ms)


Started GET "/assets/scaffolds.css?body=1" for 127.0.0.1 at 2013-11-23 13:32:57 +0800
Served asset /scaffolds.css - 304 Not Modified (0ms)


Started GET "/assets/jquery_ujs.js?body=1" for 127.0.0.1 at 2013-11-23 13:32:57 +0800
Served asset /jquery_ujs.js - 304 Not Modified (0ms)


Started GET "/assets/jquery.js?body=1" for 127.0.0.1 at 2013-11-23 13:32:57 +0800
Served asset /jquery.js - 304 Not Modified (0ms)


Started GET "/assets/products.js?body=1" for 127.0.0.1 at 2013-11-23 13:32:57 +0800
Served asset /products.js - 304 Not Modified (0ms)


Started GET "/assets/say.js?body=1" for 127.0.0.1 at 2013-11-23 13:32:57 +0800
Served asset /say.js - 304 Not Modified (0ms)


Started GET "/assets/application.js?body=1" for 127.0.0.1 at 2013-11-23 13:32:57 +0800
Served asset /application.js - 304 Not Modified (0ms)


Started GET "/products/1/edit" for 127.0.0.1 at 2013-11-23 13:38:49 +0800
Processing by ProductsController#edit as HTML
  Parameters: {"id"=>"1"}
  [1m[35mProduct Load (0.3ms)[0m  SELECT `products`.* FROM `products` WHERE `products`.`id` = 1 LIMIT 1
  Rendered products/_form.html.erb (3.0ms)
  Rendered products/edit.html.erb within layouts/application (4.1ms)
Completed 200 OK in 20ms (Views: 19.3ms | ActiveRecord: 0.3ms)


Started GET "/assets/application.css?body=1" for 127.0.0.1 at 2013-11-23 13:38:49 +0800
Served asset /application.css - 304 Not Modified (0ms)


Started GET "/assets/products.css?body=1" for 127.0.0.1 at 2013-11-23 13:38:49 +0800
Served asset /products.css - 304 Not Modified (0ms)


Started GET "/assets/say.css?body=1" for 127.0.0.1 at 2013-11-23 13:38:49 +0800
Served asset /say.css - 304 Not Modified (0ms)


Started GET "/assets/scaffolds.css?body=1" for 127.0.0.1 at 2013-11-23 13:38:49 +0800
Served asset /scaffolds.css - 304 Not Modified (0ms)


Started GET "/assets/jquery.js?body=1" for 127.0.0.1 at 2013-11-23 13:38:49 +0800
Served asset /jquery.js - 304 Not Modified (0ms)


Started GET "/assets/jquery_ujs.js?body=1" for 127.0.0.1 at 2013-11-23 13:38:49 +0800
Served asset /jquery_ujs.js - 304 Not Modified (0ms)


Started GET "/assets/products.js?body=1" for 127.0.0.1 at 2013-11-23 13:38:49 +0800
Served asset /products.js - 304 Not Modified (0ms)


Started GET "/assets/say.js?body=1" for 127.0.0.1 at 2013-11-23 13:38:49 +0800
Served asset /say.js - 304 Not Modified (0ms)


Started GET "/assets/application.js?body=1" for 127.0.0.1 at 2013-11-23 13:38:49 +0800
Served asset /application.js - 304 Not Modified (0ms)


Started PUT "/products/1" for 127.0.0.1 at 2013-11-23 13:38:56 +0800
Processing by ProductsController#update as HTML
  Parameters: {"utf8"=>"✓", "authenticity_token"=>"MQPbWa6CxaOgkpDdmSGqSEEJ2fcMT4/2MATw1aqWlFY=", "product"=>{"title"=>"tv", "description"=>"this is a tv set.", "image_url"=>"a.img", "price"=>"10"}, "commit"=>"Update Product", "id"=>"1"}
  [1m[36mProduct Load (0.3ms)[0m  [1mSELECT `products`.* FROM `products` WHERE `products`.`id` = 1 LIMIT 1[0m
  [1m[35m (0.1ms)[0m  BEGIN
  [1m[36m (0.4ms)[0m  [1mUPDATE `products` SET `image_url` = 'a.img', `updated_at` = '2013-11-23 05:38:56' WHERE `products`.`id` = 1[0m
  [1m[35m (0.3ms)[0m  COMMIT
Redirected to http://0.0.0.0:3000/products/1
Completed 302 Found in 3ms (ActiveRecord: 1.1ms)


Started GET "/products/1" for 127.0.0.1 at 2013-11-23 13:38:56 +0800
Processing by ProductsController#show as HTML
  Parameters: {"id"=>"1"}
  [1m[36mProduct Load (0.3ms)[0m  [1mSELECT `products`.* FROM `products` WHERE `products`.`id` = 1 LIMIT 1[0m
  Rendered products/show.html.erb within layouts/application (0.5ms)
Completed 200 OK in 32ms (Views: 16.9ms | ActiveRecord: 0.3ms)


Started GET "/assets/application.css?body=1" for 127.0.0.1 at 2013-11-23 13:38:56 +0800
Served asset /application.css - 304 Not Modified (0ms)


Started GET "/assets/products.css?body=1" for 127.0.0.1 at 2013-11-23 13:38:56 +0800
Served asset /products.css - 304 Not Modified (0ms)


Started GET "/assets/jquery_ujs.js?body=1" for 127.0.0.1 at 2013-11-23 13:38:56 +0800
Served asset /jquery_ujs.js - 304 Not Modified (0ms)


Started GET "/assets/jquery.js?body=1" for 127.0.0.1 at 2013-11-23 13:38:56 +0800
Served asset /jquery.js - 304 Not Modified (0ms)


Started GET "/assets/say.css?body=1" for 127.0.0.1 at 2013-11-23 13:38:56 +0800
Served asset /say.css - 304 Not Modified (0ms)


Started GET "/assets/scaffolds.css?body=1" for 127.0.0.1 at 2013-11-23 13:38:56 +0800
Served asset /scaffolds.css - 304 Not Modified (0ms)


Started GET "/assets/products.js?body=1" for 127.0.0.1 at 2013-11-23 13:38:56 +0800
Served asset /products.js - 304 Not Modified (0ms)


Started GET "/assets/say.js?body=1" for 127.0.0.1 at 2013-11-23 13:38:56 +0800
Served asset /say.js - 304 Not Modified (0ms)


Started GET "/assets/application.js?body=1" for 127.0.0.1 at 2013-11-23 13:38:56 +0800
Served asset /application.js - 304 Not Modified (0ms)
Connecting to database specified by database.yml


Started GET "/products" for 127.0.0.1 at 2013-11-29 14:35:40 +0800
Processing by ProductsController#index as HTML
  [1m[36mProduct Load (0.3ms)[0m  [1mSELECT `products`.* FROM `products` [0m
  Rendered products/index.html.erb within layouts/application (5.9ms)
Compiled products.css  (49ms)  (pid 1192)
Compiled application.css  (1ms)  (pid 1192)
Completed 200 OK in 341ms (Views: 234.5ms | ActiveRecord: 34.3ms)


Started GET "/assets/application.css?body=1" for 127.0.0.1 at 2013-11-29 14:35:40 +0800
Served asset /application.css - 304 Not Modified (3ms)


Started GET "/assets/products.css?body=1" for 127.0.0.1 at 2013-11-29 14:35:40 +0800
Served asset /products.css - 200 OK (2ms)


Started GET "/assets/say.css?body=1" for 127.0.0.1 at 2013-11-29 14:35:40 +0800
Served asset /say.css - 304 Not Modified (4ms)


Started GET "/assets/jquery.js?body=1" for 127.0.0.1 at 2013-11-29 14:35:41 +0800
Served asset /jquery.js - 304 Not Modified (18ms)


Started GET "/assets/say.js?body=1" for 127.0.0.1 at 2013-11-29 14:35:41 +0800
Served asset /say.js - 304 Not Modified (1ms)


Started GET "/assets/scaffolds.css?body=1" for 127.0.0.1 at 2013-11-29 14:35:41 +0800
Served asset /scaffolds.css - 304 Not Modified (1ms)


Started GET "/assets/products.js?body=1" for 127.0.0.1 at 2013-11-29 14:35:41 +0800
Served asset /products.js - 304 Not Modified (1ms)


Started GET "/assets/jquery_ujs.js?body=1" for 127.0.0.1 at 2013-11-29 14:35:41 +0800
Served asset /jquery_ujs.js - 304 Not Modified (2ms)


Started GET "/assets/application.js?body=1" for 127.0.0.1 at 2013-11-29 14:35:41 +0800
Served asset /application.js - 304 Not Modified (4ms)


Started GET "/products" for 127.0.0.1 at 2013-11-29 14:39:48 +0800
Processing by ProductsController#index as HTML
  [1m[35mProduct Load (0.3ms)[0m  SELECT `products`.* FROM `products` 
  Rendered products/index.html.erb within layouts/application (51.9ms)
Completed 200 OK in 69ms (Views: 67.3ms | ActiveRecord: 0.3ms)


Started GET "/assets/application.css?body=1" for 127.0.0.1 at 2013-11-29 14:39:48 +0800
Served asset /application.css - 304 Not Modified (0ms)


Started GET "/assets/scaffolds.css?body=1" for 127.0.0.1 at 2013-11-29 14:39:48 +0800
Served asset /scaffolds.css - 304 Not Modified (0ms)


Started GET "/assets/products.css?body=1" for 127.0.0.1 at 2013-11-29 14:39:48 +0800
Served asset /products.css - 304 Not Modified (0ms)


Started GET "/assets/jquery_ujs.js?body=1" for 127.0.0.1 at 2013-11-29 14:39:48 +0800
Served asset /jquery_ujs.js - 304 Not Modified (0ms)


Started GET "/assets/say.css?body=1" for 127.0.0.1 at 2013-11-29 14:39:48 +0800
Served asset /say.css - 304 Not Modified (0ms)


Started GET "/assets/products.js?body=1" for 127.0.0.1 at 2013-11-29 14:39:48 +0800
Served asset /products.js - 304 Not Modified (0ms)


Started GET "/assets/jquery.js?body=1" for 127.0.0.1 at 2013-11-29 14:39:48 +0800
Served asset /jquery.js - 304 Not Modified (0ms)


Started GET "/assets/say.js?body=1" for 127.0.0.1 at 2013-11-29 14:39:48 +0800
Served asset /say.js - 304 Not Modified (0ms)


Started GET "/assets/application.js?body=1" for 127.0.0.1 at 2013-11-29 14:39:48 +0800
Served asset /application.js - 304 Not Modified (0ms)


Started GET "/assets/a.img" for 127.0.0.1 at 2013-11-29 14:39:48 +0800
Served asset /a.img - 404 Not Found (3ms)

ActionController::RoutingError (No route matches [GET] "/assets/a.img"):
  actionpack (3.2.13) lib/action_dispatch/middleware/debug_exceptions.rb:21:in `call'
  actionpack (3.2.13) lib/action_dispatch/middleware/show_exceptions.rb:56:in `call'
  railties (3.2.13) lib/rails/rack/logger.rb:32:in `call_app'
  railties (3.2.13) lib/rails/rack/logger.rb:16:in `block in call'
  activesupport (3.2.13) lib/active_support/tagged_logging.rb:22:in `tagged'
  railties (3.2.13) lib/rails/rack/logger.rb:16:in `call'
  actionpack (3.2.13) lib/action_dispatch/middleware/request_id.rb:22:in `call'
  rack (1.4.5) lib/rack/methodoverride.rb:21:in `call'
  rack (1.4.5) lib/rack/runtime.rb:17:in `call'
  activesupport (3.2.13) lib/active_support/cache/strategy/local_cache.rb:72:in `call'
  rack (1.4.5) lib/rack/lock.rb:15:in `call'
  actionpack (3.2.13) lib/action_dispatch/middleware/static.rb:63:in `call'
  railties (3.2.13) lib/rails/engine.rb:479:in `call'
  railties (3.2.13) lib/rails/application.rb:223:in `call'
  rack (1.4.5) lib/rack/content_length.rb:14:in `call'
  railties (3.2.13) lib/rails/rack/log_tailer.rb:17:in `call'
  rack (1.4.5) lib/rack/handler/webrick.rb:59:in `service'
  /Users/ziqew/.rvm/rubies/ruby-1.9.3-p448/lib/ruby/1.9.1/webrick/httpserver.rb:138:in `service'
  /Users/ziqew/.rvm/rubies/ruby-1.9.3-p448/lib/ruby/1.9.1/webrick/httpserver.rb:94:in `run'
  /Users/ziqew/.rvm/rubies/ruby-1.9.3-p448/lib/ruby/1.9.1/webrick/server.rb:191:in `block in start_thread'


  Rendered /Users/ziqew/.rvm/gems/ruby-1.9.3-p448/gems/actionpack-3.2.13/lib/action_dispatch/middleware/templates/rescues/routing_error.erb within rescues/layout (0.6ms)


Started GET "/assets/gg.png" for 127.0.0.1 at 2013-11-29 14:39:49 +0800
Served asset /gg.png - 404 Not Found (2ms)

ActionController::RoutingError (No route matches [GET] "/assets/gg.png"):
  actionpack (3.2.13) lib/action_dispatch/middleware/debug_exceptions.rb:21:in `call'
  actionpack (3.2.13) lib/action_dispatch/middleware/show_exceptions.rb:56:in `call'
  railties (3.2.13) lib/rails/rack/logger.rb:32:in `call_app'
  railties (3.2.13) lib/rails/rack/logger.rb:16:in `block in call'
  activesupport (3.2.13) lib/active_support/tagged_logging.rb:22:in `tagged'
  railties (3.2.13) lib/rails/rack/logger.rb:16:in `call'
  actionpack (3.2.13) lib/action_dispatch/middleware/request_id.rb:22:in `call'
  rack (1.4.5) lib/rack/methodoverride.rb:21:in `call'
  rack (1.4.5) lib/rack/runtime.rb:17:in `call'
  activesupport (3.2.13) lib/active_support/cache/strategy/local_cache.rb:72:in `call'
  rack (1.4.5) lib/rack/lock.rb:15:in `call'
  actionpack (3.2.13) lib/action_dispatch/middleware/static.rb:63:in `call'
  railties (3.2.13) lib/rails/engine.rb:479:in `call'
  railties (3.2.13) lib/rails/application.rb:223:in `call'
  rack (1.4.5) lib/rack/content_length.rb:14:in `call'
  railties (3.2.13) lib/rails/rack/log_tailer.rb:17:in `call'
  rack (1.4.5) lib/rack/handler/webrick.rb:59:in `service'
  /Users/ziqew/.rvm/rubies/ruby-1.9.3-p448/lib/ruby/1.9.1/webrick/httpserver.rb:138:in `service'
  /Users/ziqew/.rvm/rubies/ruby-1.9.3-p448/lib/ruby/1.9.1/webrick/httpserver.rb:94:in `run'
  /Users/ziqew/.rvm/rubies/ruby-1.9.3-p448/lib/ruby/1.9.1/webrick/server.rb:191:in `block in start_thread'


  Rendered /Users/ziqew/.rvm/gems/ruby-1.9.3-p448/gems/actionpack-3.2.13/lib/action_dispatch/middleware/templates/rescues/routing_error.erb within rescues/layout (1.0ms)


Started GET "/assets/a.img" for 127.0.0.1 at 2013-11-29 14:39:49 +0800
Served asset /a.img - 404 Not Found (2ms)

ActionController::RoutingError (No route matches [GET] "/assets/a.img"):
  actionpack (3.2.13) lib/action_dispatch/middleware/debug_exceptions.rb:21:in `call'
  actionpack (3.2.13) lib/action_dispatch/middleware/show_exceptions.rb:56:in `call'
  railties (3.2.13) lib/rails/rack/logger.rb:32:in `call_app'
  railties (3.2.13) lib/rails/rack/logger.rb:16:in `block in call'
  activesupport (3.2.13) lib/active_support/tagged_logging.rb:22:in `tagged'
  railties (3.2.13) lib/rails/rack/logger.rb:16:in `call'
  actionpack (3.2.13) lib/action_dispatch/middleware/request_id.rb:22:in `call'
  rack (1.4.5) lib/rack/methodoverride.rb:21:in `call'
  rack (1.4.5) lib/rack/runtime.rb:17:in `call'
  activesupport (3.2.13) lib/active_support/cache/strategy/local_cache.rb:72:in `call'
  rack (1.4.5) lib/rack/lock.rb:15:in `call'
  actionpack (3.2.13) lib/action_dispatch/middleware/static.rb:63:in `call'
  railties (3.2.13) lib/rails/engine.rb:479:in `call'
  railties (3.2.13) lib/rails/application.rb:223:in `call'
  rack (1.4.5) lib/rack/content_length.rb:14:in `call'
  railties (3.2.13) lib/rails/rack/log_tailer.rb:17:in `call'
  rack (1.4.5) lib/rack/handler/webrick.rb:59:in `service'
  /Users/ziqew/.rvm/rubies/ruby-1.9.3-p448/lib/ruby/1.9.1/webrick/httpserver.rb:138:in `service'
  /Users/ziqew/.rvm/rubies/ruby-1.9.3-p448/lib/ruby/1.9.1/webrick/httpserver.rb:94:in `run'
  /Users/ziqew/.rvm/rubies/ruby-1.9.3-p448/lib/ruby/1.9.1/webrick/server.rb:191:in `block in start_thread'


  Rendered /Users/ziqew/.rvm/gems/ruby-1.9.3-p448/gems/actionpack-3.2.13/lib/action_dispatch/middleware/templates/rescues/routing_error.erb within rescues/layout (0.8ms)


Started GET "/products" for 127.0.0.1 at 2013-11-29 14:42:05 +0800
Processing by ProductsController#index as HTML
  [1m[36mProduct Load (0.3ms)[0m  [1mSELECT `products`.* FROM `products` [0m
  Rendered products/index.html.erb within layouts/application (2.2ms)
Completed 200 OK in 22ms (Views: 20.7ms | ActiveRecord: 0.3ms)


Started GET "/assets/products.css?body=1" for 127.0.0.1 at 2013-11-29 14:42:05 +0800
Served asset /products.css - 200 OK (0ms)


Started GET "/assets/say.css?body=1" for 127.0.0.1 at 2013-11-29 14:42:05 +0800
Served asset /say.css - 200 OK (0ms)


Started GET "/assets/application.css?body=1" for 127.0.0.1 at 2013-11-29 14:42:05 +0800
Served asset /application.css - 200 OK (0ms)


Started GET "/assets/jquery.js?body=1" for 127.0.0.1 at 2013-11-29 14:42:05 +0800
Served asset /jquery.js - 200 OK (0ms)


Started GET "/assets/jquery_ujs.js?body=1" for 127.0.0.1 at 2013-11-29 14:42:05 +0800
Served asset /jquery_ujs.js - 200 OK (0ms)


Started GET "/assets/scaffolds.css?body=1" for 127.0.0.1 at 2013-11-29 14:42:05 +0800
Served asset /scaffolds.css - 200 OK (0ms)


Started GET "/assets/say.js?body=1" for 127.0.0.1 at 2013-11-29 14:42:05 +0800
Served asset /say.js - 200 OK (0ms)


Started GET "/assets/products.js?body=1" for 127.0.0.1 at 2013-11-29 14:42:05 +0800
Served asset /products.js - 200 OK (0ms)


Started GET "/assets/application.js?body=1" for 127.0.0.1 at 2013-11-29 14:42:05 +0800
Served asset /application.js - 200 OK (0ms)


Started GET "/assets/a.img" for 127.0.0.1 at 2013-11-29 14:42:05 +0800
Served asset /a.img - 404 Not Found (2ms)

ActionController::RoutingError (No route matches [GET] "/assets/a.img"):
  actionpack (3.2.13) lib/action_dispatch/middleware/debug_exceptions.rb:21:in `call'
  actionpack (3.2.13) lib/action_dispatch/middleware/show_exceptions.rb:56:in `call'
  railties (3.2.13) lib/rails/rack/logger.rb:32:in `call_app'
  railties (3.2.13) lib/rails/rack/logger.rb:16:in `block in call'
  activesupport (3.2.13) lib/active_support/tagged_logging.rb:22:in `tagged'
  railties (3.2.13) lib/rails/rack/logger.rb:16:in `call'
  actionpack (3.2.13) lib/action_dispatch/middleware/request_id.rb:22:in `call'
  rack (1.4.5) lib/rack/methodoverride.rb:21:in `call'
  rack (1.4.5) lib/rack/runtime.rb:17:in `call'
  activesupport (3.2.13) lib/active_support/cache/strategy/local_cache.rb:72:in `call'
  rack (1.4.5) lib/rack/lock.rb:15:in `call'
  actionpack (3.2.13) lib/action_dispatch/middleware/static.rb:63:in `call'
  railties (3.2.13) lib/rails/engine.rb:479:in `call'
  railties (3.2.13) lib/rails/application.rb:223:in `call'
  rack (1.4.5) lib/rack/content_length.rb:14:in `call'
  railties (3.2.13) lib/rails/rack/log_tailer.rb:17:in `call'
  rack (1.4.5) lib/rack/handler/webrick.rb:59:in `service'
  /Users/ziqew/.rvm/rubies/ruby-1.9.3-p448/lib/ruby/1.9.1/webrick/httpserver.rb:138:in `service'
  /Users/ziqew/.rvm/rubies/ruby-1.9.3-p448/lib/ruby/1.9.1/webrick/httpserver.rb:94:in `run'
  /Users/ziqew/.rvm/rubies/ruby-1.9.3-p448/lib/ruby/1.9.1/webrick/server.rb:191:in `block in start_thread'


  Rendered /Users/ziqew/.rvm/gems/ruby-1.9.3-p448/gems/actionpack-3.2.13/lib/action_dispatch/middleware/templates/rescues/routing_error.erb within rescues/layout (1.0ms)


Started GET "/assets/gg.png" for 127.0.0.1 at 2013-11-29 14:42:05 +0800
Served asset /gg.png - 404 Not Found (2ms)

ActionController::RoutingError (No route matches [GET] "/assets/gg.png"):
  actionpack (3.2.13) lib/action_dispatch/middleware/debug_exceptions.rb:21:in `call'
  actionpack (3.2.13) lib/action_dispatch/middleware/show_exceptions.rb:56:in `call'
  railties (3.2.13) lib/rails/rack/logger.rb:32:in `call_app'
  railties (3.2.13) lib/rails/rack/logger.rb:16:in `block in call'
  activesupport (3.2.13) lib/active_support/tagged_logging.rb:22:in `tagged'
  railties (3.2.13) lib/rails/rack/logger.rb:16:in `call'
  actionpack (3.2.13) lib/action_dispatch/middleware/request_id.rb:22:in `call'
  rack (1.4.5) lib/rack/methodoverride.rb:21:in `call'
  rack (1.4.5) lib/rack/runtime.rb:17:in `call'
  activesupport (3.2.13) lib/active_support/cache/strategy/local_cache.rb:72:in `call'
  rack (1.4.5) lib/rack/lock.rb:15:in `call'
  actionpack (3.2.13) lib/action_dispatch/middleware/static.rb:63:in `call'
  railties (3.2.13) lib/rails/engine.rb:479:in `call'
  railties (3.2.13) lib/rails/application.rb:223:in `call'
  rack (1.4.5) lib/rack/content_length.rb:14:in `call'
  railties (3.2.13) lib/rails/rack/log_tailer.rb:17:in `call'
  rack (1.4.5) lib/rack/handler/webrick.rb:59:in `service'
  /Users/ziqew/.rvm/rubies/ruby-1.9.3-p448/lib/ruby/1.9.1/webrick/httpserver.rb:138:in `service'
  /Users/ziqew/.rvm/rubies/ruby-1.9.3-p448/lib/ruby/1.9.1/webrick/httpserver.rb:94:in `run'
  /Users/ziqew/.rvm/rubies/ruby-1.9.3-p448/lib/ruby/1.9.1/webrick/server.rb:191:in `block in start_thread'


  Rendered /Users/ziqew/.rvm/gems/ruby-1.9.3-p448/gems/actionpack-3.2.13/lib/action_dispatch/middleware/templates/rescues/routing_error.erb within rescues/layout (0.6ms)


Started GET "/products" for 127.0.0.1 at 2013-11-29 14:42:18 +0800
Processing by ProductsController#index as HTML
  [1m[35mProduct Load (0.3ms)[0m  SELECT `products`.* FROM `products` 
  Rendered products/index.html.erb within layouts/application (2.4ms)
Completed 200 OK in 22ms (Views: 20.2ms | ActiveRecord: 0.3ms)


Started GET "/assets/gg.png" for 127.0.0.1 at 2013-11-29 14:42:18 +0800
Served asset /gg.png - 404 Not Found (3ms)

ActionController::RoutingError (No route matches [GET] "/assets/gg.png"):
  actionpack (3.2.13) lib/action_dispatch/middleware/debug_exceptions.rb:21:in `call'
  actionpack (3.2.13) lib/action_dispatch/middleware/show_exceptions.rb:56:in `call'
  railties (3.2.13) lib/rails/rack/logger.rb:32:in `call_app'
  railties (3.2.13) lib/rails/rack/logger.rb:16:in `block in call'
  activesupport (3.2.13) lib/active_support/tagged_logging.rb:22:in `tagged'
  railties (3.2.13) lib/rails/rack/logger.rb:16:in `call'
  actionpack (3.2.13) lib/action_dispatch/middleware/request_id.rb:22:in `call'
  rack (1.4.5) lib/rack/methodoverride.rb:21:in `call'
  rack (1.4.5) lib/rack/runtime.rb:17:in `call'
  activesupport (3.2.13) lib/active_support/cache/strategy/local_cache.rb:72:in `call'
  rack (1.4.5) lib/rack/lock.rb:15:in `call'
  actionpack (3.2.13) lib/action_dispatch/middleware/static.rb:63:in `call'
  railties (3.2.13) lib/rails/engine.rb:479:in `call'
  railties (3.2.13) lib/rails/application.rb:223:in `call'
  rack (1.4.5) lib/rack/content_length.rb:14:in `call'
  railties (3.2.13) lib/rails/rack/log_tailer.rb:17:in `call'
  rack (1.4.5) lib/rack/handler/webrick.rb:59:in `service'
  /Users/ziqew/.rvm/rubies/ruby-1.9.3-p448/lib/ruby/1.9.1/webrick/httpserver.rb:138:in `service'
  /Users/ziqew/.rvm/rubies/ruby-1.9.3-p448/lib/ruby/1.9.1/webrick/httpserver.rb:94:in `run'
  /Users/ziqew/.rvm/rubies/ruby-1.9.3-p448/lib/ruby/1.9.1/webrick/server.rb:191:in `block in start_thread'


  Rendered /Users/ziqew/.rvm/gems/ruby-1.9.3-p448/gems/actionpack-3.2.13/lib/action_dispatch/middleware/templates/rescues/routing_error.erb within rescues/layout (1.0ms)


Started GET "/assets/a.img" for 127.0.0.1 at 2013-11-29 14:42:18 +0800
Served asset /a.img - 404 Not Found (3ms)

ActionController::RoutingError (No route matches [GET] "/assets/a.img"):
  actionpack (3.2.13) lib/action_dispatch/middleware/debug_exceptions.rb:21:in `call'
  actionpack (3.2.13) lib/action_dispatch/middleware/show_exceptions.rb:56:in `call'
  railties (3.2.13) lib/rails/rack/logger.rb:32:in `call_app'
  railties (3.2.13) lib/rails/rack/logger.rb:16:in `block in call'
  activesupport (3.2.13) lib/active_support/tagged_logging.rb:22:in `tagged'
  railties (3.2.13) lib/rails/rack/logger.rb:16:in `call'
  actionpack (3.2.13) lib/action_dispatch/middleware/request_id.rb:22:in `call'
  rack (1.4.5) lib/rack/methodoverride.rb:21:in `call'
  rack (1.4.5) lib/rack/runtime.rb:17:in `call'
  activesupport (3.2.13) lib/active_support/cache/strategy/local_cache.rb:72:in `call'
  rack (1.4.5) lib/rack/lock.rb:15:in `call'
  actionpack (3.2.13) lib/action_dispatch/middleware/static.rb:63:in `call'
  railties (3.2.13) lib/rails/engine.rb:479:in `call'
  railties (3.2.13) lib/rails/application.rb:223:in `call'
  rack (1.4.5) lib/rack/content_length.rb:14:in `call'
  railties (3.2.13) lib/rails/rack/log_tailer.rb:17:in `call'
  rack (1.4.5) lib/rack/handler/webrick.rb:59:in `service'
  /Users/ziqew/.rvm/rubies/ruby-1.9.3-p448/lib/ruby/1.9.1/webrick/httpserver.rb:138:in `service'
  /Users/ziqew/.rvm/rubies/ruby-1.9.3-p448/lib/ruby/1.9.1/webrick/httpserver.rb:94:in `run'
  /Users/ziqew/.rvm/rubies/ruby-1.9.3-p448/lib/ruby/1.9.1/webrick/server.rb:191:in `block in start_thread'


  Rendered /Users/ziqew/.rvm/gems/ruby-1.9.3-p448/gems/actionpack-3.2.13/lib/action_dispatch/middleware/templates/rescues/routing_error.erb within rescues/layout (0.6ms)


Started GET "/products/2/edit" for 127.0.0.1 at 2013-11-29 14:44:32 +0800
Processing by ProductsController#edit as HTML
  Parameters: {"id"=>"2"}
  [1m[36mProduct Load (0.5ms)[0m  [1mSELECT `products`.* FROM `products` WHERE `products`.`id` = 2 LIMIT 1[0m
  Rendered products/_form.html.erb (64.0ms)
  Rendered products/edit.html.erb within layouts/application (77.4ms)
Completed 200 OK in 130ms (Views: 126.7ms | ActiveRecord: 0.5ms)


Started GET "/assets/products.css?body=1" for 127.0.0.1 at 2013-11-29 14:44:32 +0800
Served asset /products.css - 304 Not Modified (0ms)


Started GET "/products/1/edit" for 127.0.0.1 at 2013-11-29 14:44:38 +0800
Processing by ProductsController#edit as HTML
  Parameters: {"id"=>"1"}
  [1m[35mProduct Load (0.3ms)[0m  SELECT `products`.* FROM `products` WHERE `products`.`id` = 1 LIMIT 1
  Rendered products/_form.html.erb (3.2ms)
  Rendered products/edit.html.erb within layouts/application (4.3ms)
Completed 200 OK in 26ms (Views: 24.4ms | ActiveRecord: 0.3ms)


Started GET "/assets/products.css?body=1" for 127.0.0.1 at 2013-11-29 14:44:38 +0800
Served asset /products.css - 304 Not Modified (0ms)


Started PUT "/products/1" for 127.0.0.1 at 2013-11-29 14:44:44 +0800
Processing by ProductsController#update as HTML
  Parameters: {"utf8"=>"✓", "authenticity_token"=>"9uox2YUDOWc5+j80f/3VGCNteE/NWWoTCNDijcC0hC0=", "product"=>{"title"=>"tv", "description"=>"this is a tv set.", "image_url"=>"a.png", "price"=>"10"}, "commit"=>"Update Product", "id"=>"1"}
  [1m[36mProduct Load (0.3ms)[0m  [1mSELECT `products`.* FROM `products` WHERE `products`.`id` = 1 LIMIT 1[0m
  [1m[35m (0.1ms)[0m  BEGIN
  [1m[36m (0.6ms)[0m  [1mUPDATE `products` SET `image_url` = 'a.png', `updated_at` = '2013-11-29 06:44:44' WHERE `products`.`id` = 1[0m
  [1m[35m (0.6ms)[0m  COMMIT
Redirected to http://0.0.0.0:3000/products/1
Completed 302 Found in 20ms (ActiveRecord: 1.6ms)


Started GET "/products/1" for 127.0.0.1 at 2013-11-29 14:44:44 +0800
Processing by ProductsController#show as HTML
  Parameters: {"id"=>"1"}
  [1m[36mProduct Load (0.4ms)[0m  [1mSELECT `products`.* FROM `products` WHERE `products`.`id` = 1 LIMIT 1[0m
  Rendered products/show.html.erb within layouts/application (1.6ms)
Completed 200 OK in 52ms (Views: 50.4ms | ActiveRecord: 0.4ms)


Started GET "/assets/products.css?body=1" for 127.0.0.1 at 2013-11-29 14:44:44 +0800
Served asset /products.css - 304 Not Modified (0ms)


Started GET "/products" for 127.0.0.1 at 2013-11-29 14:44:46 +0800
Processing by ProductsController#index as HTML
  [1m[35mProduct Load (0.3ms)[0m  SELECT `products`.* FROM `products` 
  Rendered products/index.html.erb within layouts/application (2.2ms)
Completed 200 OK in 50ms (Views: 47.9ms | ActiveRecord: 0.3ms)


Started GET "/assets/products.css?body=1" for 127.0.0.1 at 2013-11-29 14:44:46 +0800
Served asset /products.css - 304 Not Modified (0ms)


Started GET "/assets/a.png" for 127.0.0.1 at 2013-11-29 14:44:46 +0800
Served asset /a.png - 404 Not Found (3ms)

ActionController::RoutingError (No route matches [GET] "/assets/a.png"):
  actionpack (3.2.13) lib/action_dispatch/middleware/debug_exceptions.rb:21:in `call'
  actionpack (3.2.13) lib/action_dispatch/middleware/show_exceptions.rb:56:in `call'
  railties (3.2.13) lib/rails/rack/logger.rb:32:in `call_app'
  railties (3.2.13) lib/rails/rack/logger.rb:16:in `block in call'
  activesupport (3.2.13) lib/active_support/tagged_logging.rb:22:in `tagged'
  railties (3.2.13) lib/rails/rack/logger.rb:16:in `call'
  actionpack (3.2.13) lib/action_dispatch/middleware/request_id.rb:22:in `call'
  rack (1.4.5) lib/rack/methodoverride.rb:21:in `call'
  rack (1.4.5) lib/rack/runtime.rb:17:in `call'
  activesupport (3.2.13) lib/active_support/cache/strategy/local_cache.rb:72:in `call'
  rack (1.4.5) lib/rack/lock.rb:15:in `call'
  actionpack (3.2.13) lib/action_dispatch/middleware/static.rb:63:in `call'
  railties (3.2.13) lib/rails/engine.rb:479:in `call'
  railties (3.2.13) lib/rails/application.rb:223:in `call'
  rack (1.4.5) lib/rack/content_length.rb:14:in `call'
  railties (3.2.13) lib/rails/rack/log_tailer.rb:17:in `call'
  rack (1.4.5) lib/rack/handler/webrick.rb:59:in `service'
  /Users/ziqew/.rvm/rubies/ruby-1.9.3-p448/lib/ruby/1.9.1/webrick/httpserver.rb:138:in `service'
  /Users/ziqew/.rvm/rubies/ruby-1.9.3-p448/lib/ruby/1.9.1/webrick/httpserver.rb:94:in `run'
  /Users/ziqew/.rvm/rubies/ruby-1.9.3-p448/lib/ruby/1.9.1/webrick/server.rb:191:in `block in start_thread'


  Rendered /Users/ziqew/.rvm/gems/ruby-1.9.3-p448/gems/actionpack-3.2.13/lib/action_dispatch/middleware/templates/rescues/routing_error.erb within rescues/layout (0.9ms)


Started GET "/assets/gg.png" for 127.0.0.1 at 2013-11-29 14:44:46 +0800
Served asset /gg.png - 404 Not Found (2ms)

ActionController::RoutingError (No route matches [GET] "/assets/gg.png"):
  actionpack (3.2.13) lib/action_dispatch/middleware/debug_exceptions.rb:21:in `call'
  actionpack (3.2.13) lib/action_dispatch/middleware/show_exceptions.rb:56:in `call'
  railties (3.2.13) lib/rails/rack/logger.rb:32:in `call_app'
  railties (3.2.13) lib/rails/rack/logger.rb:16:in `block in call'
  activesupport (3.2.13) lib/active_support/tagged_logging.rb:22:in `tagged'
  railties (3.2.13) lib/rails/rack/logger.rb:16:in `call'
  actionpack (3.2.13) lib/action_dispatch/middleware/request_id.rb:22:in `call'
  rack (1.4.5) lib/rack/methodoverride.rb:21:in `call'
  rack (1.4.5) lib/rack/runtime.rb:17:in `call'
  activesupport (3.2.13) lib/active_support/cache/strategy/local_cache.rb:72:in `call'
  rack (1.4.5) lib/rack/lock.rb:15:in `call'
  actionpack (3.2.13) lib/action_dispatch/middleware/static.rb:63:in `call'
  railties (3.2.13) lib/rails/engine.rb:479:in `call'
  railties (3.2.13) lib/rails/application.rb:223:in `call'
  rack (1.4.5) lib/rack/content_length.rb:14:in `call'
  railties (3.2.13) lib/rails/rack/log_tailer.rb:17:in `call'
  rack (1.4.5) lib/rack/handler/webrick.rb:59:in `service'
  /Users/ziqew/.rvm/rubies/ruby-1.9.3-p448/lib/ruby/1.9.1/webrick/httpserver.rb:138:in `service'
  /Users/ziqew/.rvm/rubies/ruby-1.9.3-p448/lib/ruby/1.9.1/webrick/httpserver.rb:94:in `run'
  /Users/ziqew/.rvm/rubies/ruby-1.9.3-p448/lib/ruby/1.9.1/webrick/server.rb:191:in `block in start_thread'


  Rendered /Users/ziqew/.rvm/gems/ruby-1.9.3-p448/gems/actionpack-3.2.13/lib/action_dispatch/middleware/templates/rescues/routing_error.erb within rescues/layout (1.0ms)


Started GET "/products" for 127.0.0.1 at 2013-11-29 14:44:49 +0800
Processing by ProductsController#index as HTML
  [1m[36mProduct Load (0.3ms)[0m  [1mSELECT `products`.* FROM `products` [0m
  Rendered products/index.html.erb within layouts/application (2.1ms)
Completed 200 OK in 20ms (Views: 19.1ms | ActiveRecord: 0.3ms)


Started GET "/assets/products.css?body=1" for 127.0.0.1 at 2013-11-29 14:44:49 +0800
Served asset /products.css - 304 Not Modified (0ms)


Started GET "/assets/a.png" for 127.0.0.1 at 2013-11-29 14:44:49 +0800
Served asset /a.png - 404 Not Found (3ms)

ActionController::RoutingError (No route matches [GET] "/assets/a.png"):
  actionpack (3.2.13) lib/action_dispatch/middleware/debug_exceptions.rb:21:in `call'
  actionpack (3.2.13) lib/action_dispatch/middleware/show_exceptions.rb:56:in `call'
  railties (3.2.13) lib/rails/rack/logger.rb:32:in `call_app'
  railties (3.2.13) lib/rails/rack/logger.rb:16:in `block in call'
  activesupport (3.2.13) lib/active_support/tagged_logging.rb:22:in `tagged'
  railties (3.2.13) lib/rails/rack/logger.rb:16:in `call'
  actionpack (3.2.13) lib/action_dispatch/middleware/request_id.rb:22:in `call'
  rack (1.4.5) lib/rack/methodoverride.rb:21:in `call'
  rack (1.4.5) lib/rack/runtime.rb:17:in `call'
  activesupport (3.2.13) lib/active_support/cache/strategy/local_cache.rb:72:in `call'
  rack (1.4.5) lib/rack/lock.rb:15:in `call'
  actionpack (3.2.13) lib/action_dispatch/middleware/static.rb:63:in `call'
  railties (3.2.13) lib/rails/engine.rb:479:in `call'
  railties (3.2.13) lib/rails/application.rb:223:in `call'
  rack (1.4.5) lib/rack/content_length.rb:14:in `call'
  railties (3.2.13) lib/rails/rack/log_tailer.rb:17:in `call'
  rack (1.4.5) lib/rack/handler/webrick.rb:59:in `service'
  /Users/ziqew/.rvm/rubies/ruby-1.9.3-p448/lib/ruby/1.9.1/webrick/httpserver.rb:138:in `service'
  /Users/ziqew/.rvm/rubies/ruby-1.9.3-p448/lib/ruby/1.9.1/webrick/httpserver.rb:94:in `run'
  /Users/ziqew/.rvm/rubies/ruby-1.9.3-p448/lib/ruby/1.9.1/webrick/server.rb:191:in `block in start_thread'


  Rendered /Users/ziqew/.rvm/gems/ruby-1.9.3-p448/gems/actionpack-3.2.13/lib/action_dispatch/middleware/templates/rescues/routing_error.erb within rescues/layout (0.6ms)


Started GET "/assets/gg.png" for 127.0.0.1 at 2013-11-29 14:44:49 +0800
Served asset /gg.png - 404 Not Found (3ms)

ActionController::RoutingError (No route matches [GET] "/assets/gg.png"):
  actionpack (3.2.13) lib/action_dispatch/middleware/debug_exceptions.rb:21:in `call'
  actionpack (3.2.13) lib/action_dispatch/middleware/show_exceptions.rb:56:in `call'
  railties (3.2.13) lib/rails/rack/logger.rb:32:in `call_app'
  railties (3.2.13) lib/rails/rack/logger.rb:16:in `block in call'
  activesupport (3.2.13) lib/active_support/tagged_logging.rb:22:in `tagged'
  railties (3.2.13) lib/rails/rack/logger.rb:16:in `call'
  actionpack (3.2.13) lib/action_dispatch/middleware/request_id.rb:22:in `call'
  rack (1.4.5) lib/rack/methodoverride.rb:21:in `call'
  rack (1.4.5) lib/rack/runtime.rb:17:in `call'
  activesupport (3.2.13) lib/active_support/cache/strategy/local_cache.rb:72:in `call'
  rack (1.4.5) lib/rack/lock.rb:15:in `call'
  actionpack (3.2.13) lib/action_dispatch/middleware/static.rb:63:in `call'
  railties (3.2.13) lib/rails/engine.rb:479:in `call'
  railties (3.2.13) lib/rails/application.rb:223:in `call'
  rack (1.4.5) lib/rack/content_length.rb:14:in `call'
  railties (3.2.13) lib/rails/rack/log_tailer.rb:17:in `call'
  rack (1.4.5) lib/rack/handler/webrick.rb:59:in `service'
  /Users/ziqew/.rvm/rubies/ruby-1.9.3-p448/lib/ruby/1.9.1/webrick/httpserver.rb:138:in `service'
  /Users/ziqew/.rvm/rubies/ruby-1.9.3-p448/lib/ruby/1.9.1/webrick/httpserver.rb:94:in `run'
  /Users/ziqew/.rvm/rubies/ruby-1.9.3-p448/lib/ruby/1.9.1/webrick/server.rb:191:in `block in start_thread'


  Rendered /Users/ziqew/.rvm/gems/ruby-1.9.3-p448/gems/actionpack-3.2.13/lib/action_dispatch/middleware/templates/rescues/routing_error.erb within rescues/layout (1.0ms)
Connecting to database specified by database.yml


Started GET "/products" for 127.0.0.1 at 2013-11-29 14:45:44 +0800
Processing by ProductsController#index as HTML
  [1m[36mProduct Load (0.2ms)[0m  [1mSELECT `products`.* FROM `products` [0m
  Rendered products/index.html.erb within layouts/application (12.8ms)
Completed 200 OK in 110ms (Views: 63.7ms | ActiveRecord: 3.7ms)


Started GET "/assets/products.css?body=1" for 127.0.0.1 at 2013-11-29 14:45:44 +0800
Served asset /products.css - 304 Not Modified (2ms)


Started GET "/assets/a.png" for 127.0.0.1 at 2013-11-29 14:45:44 +0800
Served asset /a.png - 404 Not Found (3ms)

ActionController::RoutingError (No route matches [GET] "/assets/a.png"):
  actionpack (3.2.13) lib/action_dispatch/middleware/debug_exceptions.rb:21:in `call'
  actionpack (3.2.13) lib/action_dispatch/middleware/show_exceptions.rb:56:in `call'
  railties (3.2.13) lib/rails/rack/logger.rb:32:in `call_app'
  railties (3.2.13) lib/rails/rack/logger.rb:16:in `block in call'
  activesupport (3.2.13) lib/active_support/tagged_logging.rb:22:in `tagged'
  railties (3.2.13) lib/rails/rack/logger.rb:16:in `call'
  actionpack (3.2.13) lib/action_dispatch/middleware/request_id.rb:22:in `call'
  rack (1.4.5) lib/rack/methodoverride.rb:21:in `call'
  rack (1.4.5) lib/rack/runtime.rb:17:in `call'
  activesupport (3.2.13) lib/active_support/cache/strategy/local_cache.rb:72:in `call'
  rack (1.4.5) lib/rack/lock.rb:15:in `call'
  actionpack (3.2.13) lib/action_dispatch/middleware/static.rb:63:in `call'
  railties (3.2.13) lib/rails/engine.rb:479:in `call'
  railties (3.2.13) lib/rails/application.rb:223:in `call'
  rack (1.4.5) lib/rack/content_length.rb:14:in `call'
  railties (3.2.13) lib/rails/rack/log_tailer.rb:17:in `call'
  rack (1.4.5) lib/rack/handler/webrick.rb:59:in `service'
  /Users/ziqew/.rvm/rubies/ruby-1.9.3-p448/lib/ruby/1.9.1/webrick/httpserver.rb:138:in `service'
  /Users/ziqew/.rvm/rubies/ruby-1.9.3-p448/lib/ruby/1.9.1/webrick/httpserver.rb:94:in `run'
  /Users/ziqew/.rvm/rubies/ruby-1.9.3-p448/lib/ruby/1.9.1/webrick/server.rb:191:in `block in start_thread'


  Rendered /Users/ziqew/.rvm/gems/ruby-1.9.3-p448/gems/actionpack-3.2.13/lib/action_dispatch/middleware/templates/rescues/routing_error.erb within rescues/layout (0.9ms)


Started GET "/assets/gg.png" for 127.0.0.1 at 2013-11-29 14:45:44 +0800
Served asset /gg.png - 404 Not Found (2ms)

ActionController::RoutingError (No route matches [GET] "/assets/gg.png"):
  actionpack (3.2.13) lib/action_dispatch/middleware/debug_exceptions.rb:21:in `call'
  actionpack (3.2.13) lib/action_dispatch/middleware/show_exceptions.rb:56:in `call'
  railties (3.2.13) lib/rails/rack/logger.rb:32:in `call_app'
  railties (3.2.13) lib/rails/rack/logger.rb:16:in `block in call'
  activesupport (3.2.13) lib/active_support/tagged_logging.rb:22:in `tagged'
  railties (3.2.13) lib/rails/rack/logger.rb:16:in `call'
  actionpack (3.2.13) lib/action_dispatch/middleware/request_id.rb:22:in `call'
  rack (1.4.5) lib/rack/methodoverride.rb:21:in `call'
  rack (1.4.5) lib/rack/runtime.rb:17:in `call'
  activesupport (3.2.13) lib/active_support/cache/strategy/local_cache.rb:72:in `call'
  rack (1.4.5) lib/rack/lock.rb:15:in `call'
  actionpack (3.2.13) lib/action_dispatch/middleware/static.rb:63:in `call'
  railties (3.2.13) lib/rails/engine.rb:479:in `call'
  railties (3.2.13) lib/rails/application.rb:223:in `call'
  rack (1.4.5) lib/rack/content_length.rb:14:in `call'
  railties (3.2.13) lib/rails/rack/log_tailer.rb:17:in `call'
  rack (1.4.5) lib/rack/handler/webrick.rb:59:in `service'
  /Users/ziqew/.rvm/rubies/ruby-1.9.3-p448/lib/ruby/1.9.1/webrick/httpserver.rb:138:in `service'
  /Users/ziqew/.rvm/rubies/ruby-1.9.3-p448/lib/ruby/1.9.1/webrick/httpserver.rb:94:in `run'
  /Users/ziqew/.rvm/rubies/ruby-1.9.3-p448/lib/ruby/1.9.1/webrick/server.rb:191:in `block in start_thread'


  Rendered /Users/ziqew/.rvm/gems/ruby-1.9.3-p448/gems/actionpack-3.2.13/lib/action_dispatch/middleware/templates/rescues/routing_error.erb within rescues/layout (1.0ms)


Started GET "/assets/gg.png" for 127.0.0.1 at 2013-11-29 14:47:24 +0800
Served asset /gg.png - 404 Not Found (3ms)

ActionController::RoutingError (No route matches [GET] "/assets/gg.png"):
  actionpack (3.2.13) lib/action_dispatch/middleware/debug_exceptions.rb:21:in `call'
  actionpack (3.2.13) lib/action_dispatch/middleware/show_exceptions.rb:56:in `call'
  railties (3.2.13) lib/rails/rack/logger.rb:32:in `call_app'
  railties (3.2.13) lib/rails/rack/logger.rb:16:in `block in call'
  activesupport (3.2.13) lib/active_support/tagged_logging.rb:22:in `tagged'
  railties (3.2.13) lib/rails/rack/logger.rb:16:in `call'
  actionpack (3.2.13) lib/action_dispatch/middleware/request_id.rb:22:in `call'
  rack (1.4.5) lib/rack/methodoverride.rb:21:in `call'
  rack (1.4.5) lib/rack/runtime.rb:17:in `call'
  activesupport (3.2.13) lib/active_support/cache/strategy/local_cache.rb:72:in `call'
  rack (1.4.5) lib/rack/lock.rb:15:in `call'
  actionpack (3.2.13) lib/action_dispatch/middleware/static.rb:63:in `call'
  railties (3.2.13) lib/rails/engine.rb:479:in `call'
  railties (3.2.13) lib/rails/application.rb:223:in `call'
  rack (1.4.5) lib/rack/content_length.rb:14:in `call'
  railties (3.2.13) lib/rails/rack/log_tailer.rb:17:in `call'
  rack (1.4.5) lib/rack/handler/webrick.rb:59:in `service'
  /Users/ziqew/.rvm/rubies/ruby-1.9.3-p448/lib/ruby/1.9.1/webrick/httpserver.rb:138:in `service'
  /Users/ziqew/.rvm/rubies/ruby-1.9.3-p448/lib/ruby/1.9.1/webrick/httpserver.rb:94:in `run'
  /Users/ziqew/.rvm/rubies/ruby-1.9.3-p448/lib/ruby/1.9.1/webrick/server.rb:191:in `block in start_thread'


  Rendered /Users/ziqew/.rvm/gems/ruby-1.9.3-p448/gems/actionpack-3.2.13/lib/action_dispatch/middleware/templates/rescues/routing_error.erb within rescues/layout (0.6ms)


Started GET "/products" for 127.0.0.1 at 2013-11-29 14:50:23 +0800
Processing by ProductsController#index as HTML
  [1m[35mProduct Load (0.3ms)[0m  SELECT `products`.* FROM `products` 
  Rendered products/index.html.erb within layouts/application (3.6ms)
Completed 200 OK in 57ms (Views: 53.5ms | ActiveRecord: 0.3ms)


Started GET "/assets/jquery.js?body=1" for 127.0.0.1 at 2013-11-29 14:50:23 +0800
Served asset /jquery.js - 304 Not Modified (7ms)


Started GET "/assets/a.png" for 127.0.0.1 at 2013-11-29 14:50:23 +0800
Served asset /a.png - 200 OK (8ms)


Started GET "/assets/products.css?body=1" for 127.0.0.1 at 2013-11-29 14:50:23 +0800
Served asset /products.css - 304 Not Modified (0ms)


Started GET "/assets/gg.png" for 127.0.0.1 at 2013-11-29 14:50:23 +0800
Served asset /gg.png - 200 OK (8ms)


Started GET "/products/1/edit" for 127.0.0.1 at 2013-11-29 14:51:02 +0800
Processing by ProductsController#edit as HTML
  Parameters: {"id"=>"1"}
  [1m[36mProduct Load (0.3ms)[0m  [1mSELECT `products`.* FROM `products` WHERE `products`.`id` = 1 LIMIT 1[0m
  Rendered products/_form.html.erb (8.5ms)
  Rendered products/edit.html.erb within layouts/application (12.8ms)
Completed 200 OK in 35ms (Views: 30.8ms | ActiveRecord: 0.3ms)


Started GET "/assets/products.css?body=1" for 127.0.0.1 at 2013-11-29 14:51:02 +0800
Served asset /products.css - 304 Not Modified (0ms)


Started GET "/assets/jquery.js?body=1" for 127.0.0.1 at 2013-11-29 14:51:02 +0800
Served asset /jquery.js - 304 Not Modified (0ms)


Started PUT "/products/1" for 127.0.0.1 at 2013-11-29 14:51:19 +0800
Processing by ProductsController#update as HTML
  Parameters: {"utf8"=>"✓", "authenticity_token"=>"9uox2YUDOWc5+j80f/3VGCNteE/NWWoTCNDijcC0hC0=", "product"=>{"title"=>"tv", "description"=>"We loaded some test data into the database, we rewrote the index.html.erb file\r\nthat displays the listing of products, we filled in the products.css.scss stylesheet,\r\nand that stylesheet was loaded", "image_url"=>"a.png", "price"=>"10"}, "commit"=>"Update Product", "id"=>"1"}
  [1m[35mProduct Load (0.3ms)[0m  SELECT `products`.* FROM `products` WHERE `products`.`id` = 1 LIMIT 1
  [1m[36m (0.1ms)[0m  [1mBEGIN[0m
  [1m[35m (1.7ms)[0m  UPDATE `products` SET `description` = 'We loaded some test data into the database, we rewrote the index.html.erb file\r\nthat displays the listing of products, we filled in the products.css.scss stylesheet,\r\nand that stylesheet was loaded', `updated_at` = '2013-11-29 06:51:19' WHERE `products`.`id` = 1
  [1m[36m (0.4ms)[0m  [1mCOMMIT[0m
Redirected to http://0.0.0.0:3000/products/1
Completed 302 Found in 9ms (ActiveRecord: 2.4ms)


Started GET "/products/1" for 127.0.0.1 at 2013-11-29 14:51:19 +0800
Processing by ProductsController#show as HTML
  Parameters: {"id"=>"1"}
  [1m[35mProduct Load (0.3ms)[0m  SELECT `products`.* FROM `products` WHERE `products`.`id` = 1 LIMIT 1
  Rendered products/show.html.erb within layouts/application (1.1ms)
Completed 200 OK in 18ms (Views: 16.2ms | ActiveRecord: 0.3ms)


Started GET "/assets/products.css?body=1" for 127.0.0.1 at 2013-11-29 14:51:19 +0800
Served asset /products.css - 304 Not Modified (0ms)


Started GET "/assets/jquery.js?body=1" for 127.0.0.1 at 2013-11-29 14:51:19 +0800
Served asset /jquery.js - 304 Not Modified (0ms)


Started GET "/products" for 127.0.0.1 at 2013-11-29 14:51:20 +0800
Processing by ProductsController#index as HTML
  [1m[36mProduct Load (0.3ms)[0m  [1mSELECT `products`.* FROM `products` [0m
  Rendered products/index.html.erb within layouts/application (41.1ms)
Completed 200 OK in 74ms (Views: 71.9ms | ActiveRecord: 0.3ms)


Started GET "/assets/products.css?body=1" for 127.0.0.1 at 2013-11-29 14:51:20 +0800
Served asset /products.css - 304 Not Modified (0ms)


Started GET "/assets/jquery.js?body=1" for 127.0.0.1 at 2013-11-29 14:51:20 +0800
Served asset /jquery.js - 304 Not Modified (0ms)


Started GET "/products/new" for 127.0.0.1 at 2013-11-29 14:53:42 +0800
Processing by ProductsController#new as HTML
  Rendered products/_form.html.erb (3.2ms)
  Rendered products/new.html.erb within layouts/application (4.4ms)
Completed 200 OK in 67ms (Views: 56.6ms | ActiveRecord: 3.2ms)


Started GET "/assets/products.css?body=1" for 127.0.0.1 at 2013-11-29 14:53:42 +0800
Served asset /products.css - 304 Not Modified (0ms)


Started GET "/assets/jquery.js?body=1" for 127.0.0.1 at 2013-11-29 14:53:42 +0800
Served asset /jquery.js - 304 Not Modified (0ms)


Started POST "/products" for 127.0.0.1 at 2013-11-29 14:53:44 +0800
Processing by ProductsController#create as HTML
  Parameters: {"utf8"=>"✓", "authenticity_token"=>"9uox2YUDOWc5+j80f/3VGCNteE/NWWoTCNDijcC0hC0=", "product"=>{"title"=>"", "description"=>"", "image_url"=>"", "price"=>""}, "commit"=>"Create Product"}
  [1m[35m (0.1ms)[0m  BEGIN
  [1m[36mProduct Exists (0.4ms)[0m  [1mSELECT 1 AS one FROM `products` WHERE `products`.`title` = BINARY '' LIMIT 1[0m
  [1m[35m (0.2ms)[0m  ROLLBACK
  Rendered products/_form.html.erb (5.1ms)
  Rendered products/new.html.erb within layouts/application (6.0ms)
Completed 200 OK in 97ms (Views: 22.9ms | ActiveRecord: 0.7ms)


Started GET "/assets/products.css?body=1" for 127.0.0.1 at 2013-11-29 14:53:44 +0800
Served asset /products.css - 304 Not Modified (0ms)


Started GET "/assets/jquery.js?body=1" for 127.0.0.1 at 2013-11-29 14:53:44 +0800
Served asset /jquery.js - 304 Not Modified (0ms)


Started POST "/products" for 127.0.0.1 at 2013-11-29 14:53:54 +0800
Processing by ProductsController#create as HTML
  Parameters: {"utf8"=>"✓", "authenticity_token"=>"9uox2YUDOWc5+j80f/3VGCNteE/NWWoTCNDijcC0hC0=", "product"=>{"title"=>"tv", "description"=>"", "image_url"=>"", "price"=>""}, "commit"=>"Create Product"}
  [1m[36m (0.2ms)[0m  [1mBEGIN[0m
  [1m[35mProduct Exists (0.5ms)[0m  SELECT 1 AS one FROM `products` WHERE `products`.`title` = BINARY 'tv' LIMIT 1
  [1m[36m (0.2ms)[0m  [1mROLLBACK[0m
  Rendered products/_form.html.erb (4.7ms)
  Rendered products/new.html.erb within layouts/application (5.5ms)
Completed 200 OK in 45ms (Views: 38.2ms | ActiveRecord: 0.9ms)


Started GET "/assets/jquery.js?body=1" for 127.0.0.1 at 2013-11-29 14:53:54 +0800
Served asset /jquery.js - 304 Not Modified (0ms)


Started GET "/assets/products.css?body=1" for 127.0.0.1 at 2013-11-29 14:53:54 +0800
Served asset /products.css - 304 Not Modified (0ms)


Started POST "/products" for 127.0.0.1 at 2013-11-29 14:54:14 +0800
Processing by ProductsController#create as HTML
  Parameters: {"utf8"=>"✓", "authenticity_token"=>"9uox2YUDOWc5+j80f/3VGCNteE/NWWoTCNDijcC0hC0=", "product"=>{"title"=>"tv", "description"=>"this is a desc", "image_url"=>"a.png", "price"=>"1.00"}, "commit"=>"Create Product"}
  [1m[35m (0.2ms)[0m  BEGIN
  [1m[36mProduct Exists (0.3ms)[0m  [1mSELECT 1 AS one FROM `products` WHERE `products`.`title` = BINARY 'tv' LIMIT 1[0m
  [1m[35m (0.2ms)[0m  ROLLBACK
  Rendered products/_form.html.erb (2.7ms)
  Rendered products/new.html.erb within layouts/application (3.5ms)
Completed 200 OK in 27ms (Views: 22.8ms | ActiveRecord: 0.7ms)


Started GET "/assets/products.css?body=1" for 127.0.0.1 at 2013-11-29 14:54:14 +0800
Served asset /products.css - 304 Not Modified (0ms)


Started GET "/assets/jquery.js?body=1" for 127.0.0.1 at 2013-11-29 14:54:14 +0800
Served asset /jquery.js - 304 Not Modified (0ms)


Started POST "/products" for 127.0.0.1 at 2013-11-29 14:54:21 +0800
Processing by ProductsController#create as HTML
  Parameters: {"utf8"=>"✓", "authenticity_token"=>"9uox2YUDOWc5+j80f/3VGCNteE/NWWoTCNDijcC0hC0=", "product"=>{"title"=>"tv123", "description"=>"this is a desc", "image_url"=>"a.png", "price"=>"1.00"}, "commit"=>"Create Product"}
  [1m[36m (0.1ms)[0m  [1mBEGIN[0m
  [1m[35mProduct Exists (0.7ms)[0m  SELECT 1 AS one FROM `products` WHERE `products`.`title` = BINARY 'tv123' LIMIT 1
  [1m[36mSQL (0.3ms)[0m  [1mINSERT INTO `products` (`created_at`, `description`, `image_url`, `price`, `title`, `updated_at`) VALUES ('2013-11-29 06:54:21', 'this is a desc', 'a.png', 1, 'tv123', '2013-11-29 06:54:21')[0m
  [1m[35m (0.3ms)[0m  COMMIT
Redirected to http://0.0.0.0:3000/products/3
Completed 302 Found in 9ms (ActiveRecord: 1.5ms)


Started GET "/products/3" for 127.0.0.1 at 2013-11-29 14:54:21 +0800
Processing by ProductsController#show as HTML
  Parameters: {"id"=>"3"}
  [1m[36mProduct Load (0.3ms)[0m  [1mSELECT `products`.* FROM `products` WHERE `products`.`id` = 3 LIMIT 1[0m
  Rendered products/show.html.erb within layouts/application (1.4ms)
Completed 200 OK in 42ms (Views: 40.2ms | ActiveRecord: 0.3ms)


Started GET "/assets/products.css?body=1" for 127.0.0.1 at 2013-11-29 14:54:21 +0800
Served asset /products.css - 304 Not Modified (0ms)


Started GET "/assets/jquery.js?body=1" for 127.0.0.1 at 2013-11-29 14:54:21 +0800
Served asset /jquery.js - 304 Not Modified (0ms)


Started GET "/products" for 127.0.0.1 at 2013-11-29 14:54:23 +0800
Processing by ProductsController#index as HTML
  [1m[35mProduct Load (0.3ms)[0m  SELECT `products`.* FROM `products` 
  Rendered products/index.html.erb within layouts/application (3.7ms)
Completed 200 OK in 32ms (Views: 29.4ms | ActiveRecord: 0.3ms)


Started GET "/assets/products.css?body=1" for 127.0.0.1 at 2013-11-29 14:54:23 +0800
Served asset /products.css - 304 Not Modified (0ms)


Started GET "/assets/jquery.js?body=1" for 127.0.0.1 at 2013-11-29 14:54:23 +0800
Served asset /jquery.js - 304 Not Modified (0ms)
